{"D:\\01_Projects\\cic-erp-contract\\components\\tasks\\task-detail\\TaskCommentsTab.tsx": {"path":"D:\\01_Projects\\cic-erp-contract\\components\\tasks\\task-detail\\TaskCommentsTab.tsx","statementMap":{"0":{"start":{"line":8,"column":63},"end":{"line":18,"column":null}},"1":{"start":{"line":9,"column":2},"end":{"line":16,"column":null}}},"fnMap":{"0":{"name":"(anonymous_0)","decl":{"start":{"line":8,"column":63},"end":{"line":8,"column":64}},"loc":{"start":{"line":8,"column":79},"end":{"line":18,"column":null}},"line":8}},"branchMap":{},"s":{"0":1,"1":1},"f":{"0":1},"b":{},"meta":{"lastBranch":0,"lastFunction":1,"lastStatement":2,"seen":{"s:8:63:18:Infinity":0,"f:8:63:8:64":0,"s:9:2:16:Infinity":1}}}
,"D:\\01_Projects\\cic-erp-contract\\components\\tasks\\task-detail\\TaskLinksTab.tsx": {"path":"D:\\01_Projects\\cic-erp-contract\\components\\tasks\\task-detail\\TaskLinksTab.tsx","statementMap":{"0":{"start":{"line":19,"column":57},"end":{"line":279,"column":null}},"1":{"start":{"line":21,"column":38},"end":{"line":21,"column":null}},"2":{"start":{"line":22,"column":46},"end":{"line":22,"column":null}},"3":{"start":{"line":23,"column":44},"end":{"line":23,"column":null}},"4":{"start":{"line":24,"column":40},"end":{"line":24,"column":null}},"5":{"start":{"line":27,"column":46},"end":{"line":27,"column":null}},"6":{"start":{"line":28,"column":44},"end":{"line":28,"column":null}},"7":{"start":{"line":30,"column":2},"end":{"line":34,"column":null}},"8":{"start":{"line":31,"column":4},"end":{"line":33,"column":null}},"9":{"start":{"line":32,"column":6},"end":{"line":32,"column":null}},"10":{"start":{"line":32,"column":49},"end":{"line":32,"column":121}},"11":{"start":{"line":32,"column":82},"end":{"line":32,"column":119}},"12":{"start":{"line":36,"column":8},"end":{"line":44,"column":null}},"13":{"start":{"line":37,"column":4},"end":{"line":37,"column":null}},"14":{"start":{"line":37,"column":47},"end":{"line":37,"column":null}},"15":{"start":{"line":38,"column":4},"end":{"line":43,"column":null}},"16":{"start":{"line":39,"column":6},"end":{"line":39,"column":null}},"17":{"start":{"line":41,"column":6},"end":{"line":41,"column":null}},"18":{"start":{"line":42,"column":6},"end":{"line":42,"column":null}},"19":{"start":{"line":46,"column":27},"end":{"line":62,"column":null}},"20":{"start":{"line":47,"column":4},"end":{"line":47,"column":null}},"21":{"start":{"line":47,"column":49},"end":{"line":47,"column":null}},"22":{"start":{"line":48,"column":4},"end":{"line":61,"column":null}},"23":{"start":{"line":49,"column":22},"end":{"line":54,"column":null}},"24":{"start":{"line":55,"column":6},"end":{"line":55,"column":null}},"25":{"start":{"line":55,"column":23},"end":{"line":55,"column":95}},"26":{"start":{"line":56,"column":6},"end":{"line":56,"column":null}},"27":{"start":{"line":57,"column":6},"end":{"line":57,"column":null}},"28":{"start":{"line":58,"column":6},"end":{"line":58,"column":null}},"29":{"start":{"line":60,"column":6},"end":{"line":60,"column":null}},"30":{"start":{"line":64,"column":2},"end":{"line":277,"column":null}},"31":{"start":{"line":87,"column":18},"end":{"line":87,"column":null}},"32":{"start":{"line":88,"column":18},"end":{"line":88,"column":null}},"33":{"start":{"line":97,"column":18},"end":{"line":97,"column":null}},"34":{"start":{"line":98,"column":18},"end":{"line":98,"column":null}},"35":{"start":{"line":99,"column":18},"end":{"line":99,"column":null}},"36":{"start":{"line":112,"column":39},"end":{"line":112,"column":67}},"37":{"start":{"line":112,"column":67},"end":{"line":112,"column":91}},"38":{"start":{"line":121,"column":33},"end":{"line":121,"column":null}},"39":{"start":{"line":126,"column":20},"end":{"line":126,"column":null}},"40":{"start":{"line":136,"column":22},"end":{"line":144,"column":null}},"41":{"start":{"line":137,"column":24},"end":{"line":137,"column":null}},"42":{"start":{"line":138,"column":24},"end":{"line":138,"column":null}},"43":{"start":{"line":139,"column":24},"end":{"line":139,"column":null}},"44":{"start":{"line":141,"column":24},"end":{"line":141,"column":null}},"45":{"start":{"line":142,"column":24},"end":{"line":142,"column":null}},"46":{"start":{"line":143,"column":24},"end":{"line":143,"column":null}},"47":{"start":{"line":145,"column":22},"end":{"line":145,"column":null}},"48":{"start":{"line":147,"column":35},"end":{"line":147,"column":null}},"49":{"start":{"line":157,"column":33},"end":{"line":157,"column":60}},"50":{"start":{"line":169,"column":14},"end":{"line":219,"column":null}},"51":{"start":{"line":173,"column":43},"end":{"line":173,"column":67}},"52":{"start":{"line":179,"column":213},"end":{"line":179,"column":238}},"53":{"start":{"line":184,"column":24},"end":{"line":184,"column":null}},"54":{"start":{"line":184,"column":33},"end":{"line":184,"column":null}},"55":{"start":{"line":185,"column":24},"end":{"line":191,"column":null}},"56":{"start":{"line":186,"column":42},"end":{"line":186,"column":null}},"57":{"start":{"line":187,"column":26},"end":{"line":187,"column":null}},"58":{"start":{"line":187,"column":43},"end":{"line":187,"column":126}},"59":{"start":{"line":187,"column":57},"end":{"line":187,"column":125}},"60":{"start":{"line":188,"column":26},"end":{"line":188,"column":null}},"61":{"start":{"line":190,"column":26},"end":{"line":190,"column":null}},"62":{"start":{"line":193,"column":39},"end":{"line":193,"column":null}},"63":{"start":{"line":205,"column":37},"end":{"line":205,"column":null}},"64":{"start":{"line":212,"column":37},"end":{"line":212,"column":null}},"65":{"start":{"line":212,"column":80},"end":{"line":212,"column":132}},"66":{"start":{"line":212,"column":97},"end":{"line":212,"column":131}},"67":{"start":{"line":212,"column":114},"end":{"line":212,"column":130}},"68":{"start":{"line":238,"column":37},"end":{"line":238,"column":61}},"69":{"start":{"line":238,"column":61},"end":{"line":238,"column":86}},"70":{"start":{"line":248,"column":31},"end":{"line":248,"column":null}},"71":{"start":{"line":253,"column":18},"end":{"line":253,"column":null}},"72":{"start":{"line":273,"column":31},"end":{"line":273,"column":54}}},"fnMap":{"0":{"name":"(anonymous_0)","decl":{"start":{"line":19,"column":57},"end":{"line":19,"column":58}},"loc":{"start":{"line":19,"column":111},"end":{"line":279,"column":null}},"line":19},"1":{"name":"(anonymous_1)","decl":{"start":{"line":30,"column":12},"end":{"line":30,"column":18}},"loc":{"start":{"line":30,"column":18},"end":{"line":34,"column":5}},"line":30},"2":{"name":"(anonymous_2)","decl":{"start":{"line":32,"column":42},"end":{"line":32,"column":49}},"loc":{"start":{"line":32,"column":49},"end":{"line":32,"column":121}},"line":32},"3":{"name":"(anonymous_3)","decl":{"start":{"line":32,"column":76},"end":{"line":32,"column":82}},"loc":{"start":{"line":32,"column":82},"end":{"line":32,"column":119}},"line":32},"4":{"name":"(anonymous_4)","decl":{"start":{"line":36,"column":35},"end":{"line":36,"column":42}},"loc":{"start":{"line":36,"column":60},"end":{"line":44,"column":5}},"line":36},"5":{"name":"(anonymous_5)","decl":{"start":{"line":46,"column":27},"end":{"line":46,"column":34}},"loc":{"start":{"line":46,"column":99},"end":{"line":62,"column":null}},"line":46},"6":{"name":"(anonymous_6)","decl":{"start":{"line":55,"column":15},"end":{"line":55,"column":23}},"loc":{"start":{"line":55,"column":23},"end":{"line":55,"column":95}},"line":55},"7":{"name":"(anonymous_7)","decl":{"start":{"line":86,"column":25},"end":{"line":86,"column":31}},"loc":{"start":{"line":86,"column":31},"end":{"line":89,"column":null}},"line":86},"8":{"name":"(anonymous_8)","decl":{"start":{"line":96,"column":25},"end":{"line":96,"column":31}},"loc":{"start":{"line":96,"column":31},"end":{"line":100,"column":null}},"line":96},"9":{"name":"(anonymous_9)","decl":{"start":{"line":112,"column":31},"end":{"line":112,"column":37}},"loc":{"start":{"line":112,"column":37},"end":{"line":112,"column":94}},"line":112},"10":{"name":"(anonymous_10)","decl":{"start":{"line":121,"column":28},"end":{"line":121,"column":33}},"loc":{"start":{"line":121,"column":33},"end":{"line":121,"column":null}},"line":121},"11":{"name":"(anonymous_11)","decl":{"start":{"line":125,"column":39},"end":{"line":125,"column":null}},"loc":{"start":{"line":126,"column":20},"end":{"line":126,"column":null}},"line":126},"12":{"name":"(anonymous_12)","decl":{"start":{"line":135,"column":30},"end":{"line":135,"column":31}},"loc":{"start":{"line":135,"column":43},"end":{"line":146,"column":null}},"line":135},"13":{"name":"(anonymous_13)","decl":{"start":{"line":147,"column":30},"end":{"line":147,"column":35}},"loc":{"start":{"line":147,"column":35},"end":{"line":147,"column":null}},"line":147},"14":{"name":"(anonymous_14)","decl":{"start":{"line":157,"column":27},"end":{"line":157,"column":33}},"loc":{"start":{"line":157,"column":33},"end":{"line":157,"column":60}},"line":157},"15":{"name":"(anonymous_15)","decl":{"start":{"line":168,"column":23},"end":{"line":168,"column":null}},"loc":{"start":{"line":169,"column":14},"end":{"line":219,"column":null}},"line":169},"16":{"name":"(anonymous_16)","decl":{"start":{"line":173,"column":37},"end":{"line":173,"column":43}},"loc":{"start":{"line":173,"column":43},"end":{"line":173,"column":67}},"line":173},"17":{"name":"(anonymous_17)","decl":{"start":{"line":179,"column":208},"end":{"line":179,"column":213}},"loc":{"start":{"line":179,"column":213},"end":{"line":179,"column":238}},"line":179},"18":{"name":"(anonymous_18)","decl":{"start":{"line":183,"column":32},"end":{"line":183,"column":39}},"loc":{"start":{"line":183,"column":51},"end":{"line":192,"column":null}},"line":183},"19":{"name":"(anonymous_19)","decl":{"start":{"line":187,"column":35},"end":{"line":187,"column":43}},"loc":{"start":{"line":187,"column":43},"end":{"line":187,"column":126}},"line":187},"20":{"name":"(anonymous_20)","decl":{"start":{"line":187,"column":52},"end":{"line":187,"column":57}},"loc":{"start":{"line":187,"column":57},"end":{"line":187,"column":125}},"line":187},"21":{"name":"(anonymous_21)","decl":{"start":{"line":193,"column":32},"end":{"line":193,"column":33}},"loc":{"start":{"line":193,"column":39},"end":{"line":193,"column":null}},"line":193},"22":{"name":"(anonymous_22)","decl":{"start":{"line":205,"column":31},"end":{"line":205,"column":37}},"loc":{"start":{"line":205,"column":37},"end":{"line":205,"column":null}},"line":205},"23":{"name":"(anonymous_23)","decl":{"start":{"line":212,"column":31},"end":{"line":212,"column":37}},"loc":{"start":{"line":212,"column":37},"end":{"line":212,"column":null}},"line":212},"24":{"name":"(anonymous_24)","decl":{"start":{"line":212,"column":74},"end":{"line":212,"column":80}},"loc":{"start":{"line":212,"column":80},"end":{"line":212,"column":132}},"line":212},"25":{"name":"(anonymous_25)","decl":{"start":{"line":212,"column":89},"end":{"line":212,"column":97}},"loc":{"start":{"line":212,"column":97},"end":{"line":212,"column":131}},"line":212},"26":{"name":"(anonymous_26)","decl":{"start":{"line":212,"column":109},"end":{"line":212,"column":114}},"loc":{"start":{"line":212,"column":114},"end":{"line":212,"column":130}},"line":212},"27":{"name":"(anonymous_27)","decl":{"start":{"line":238,"column":29},"end":{"line":238,"column":35}},"loc":{"start":{"line":238,"column":35},"end":{"line":238,"column":89}},"line":238},"28":{"name":"(anonymous_28)","decl":{"start":{"line":248,"column":26},"end":{"line":248,"column":31}},"loc":{"start":{"line":248,"column":31},"end":{"line":248,"column":null}},"line":248},"29":{"name":"(anonymous_29)","decl":{"start":{"line":252,"column":37},"end":{"line":252,"column":null}},"loc":{"start":{"line":253,"column":18},"end":{"line":253,"column":null}},"line":253},"30":{"name":"(anonymous_30)","decl":{"start":{"line":273,"column":25},"end":{"line":273,"column":31}},"loc":{"start":{"line":273,"column":31},"end":{"line":273,"column":54}},"line":273}},"branchMap":{"0":{"loc":{"start":{"line":31,"column":4},"end":{"line":33,"column":null}},"type":"if","locations":[{"start":{"line":31,"column":4},"end":{"line":33,"column":null}},{"start":{},"end":{}}],"line":31},"1":{"loc":{"start":{"line":37,"column":4},"end":{"line":37,"column":null}},"type":"if","locations":[{"start":{"line":37,"column":4},"end":{"line":37,"column":null}},{"start":{},"end":{}}],"line":37},"2":{"loc":{"start":{"line":37,"column":8},"end":{"line":37,"column":47}},"type":"binary-expr","locations":[{"start":{"line":37,"column":8},"end":{"line":37,"column":29}},{"start":{"line":37,"column":29},"end":{"line":37,"column":47}}],"line":37},"3":{"loc":{"start":{"line":47,"column":4},"end":{"line":47,"column":null}},"type":"if","locations":[{"start":{"line":47,"column":4},"end":{"line":47,"column":null}},{"start":{},"end":{}}],"line":47},"4":{"loc":{"start":{"line":47,"column":8},"end":{"line":47,"column":49}},"type":"binary-expr","locations":[{"start":{"line":47,"column":8},"end":{"line":47,"column":17}},{"start":{"line":47,"column":17},"end":{"line":47,"column":38}},{"start":{"line":47,"column":38},"end":{"line":47,"column":49}}],"line":47},"5":{"loc":{"start":{"line":71,"column":8},"end":{"line":159,"column":null}},"type":"cond-expr","locations":[{"start":{"line":73,"column":10},"end":{"line":107,"column":null}},{"start":{"line":108,"column":12},"end":{"line":159,"column":null}}],"line":71},"6":{"loc":{"start":{"line":71,"column":8},"end":{"line":72,"column":null}},"type":"binary-expr","locations":[{"start":{"line":72,"column":10},"end":{"line":72,"column":32}},{"start":{"line":72,"column":32},"end":{"line":72,"column":52}},{"start":{"line":72,"column":52},"end":{"line":72,"column":null}}],"line":71},"7":{"loc":{"start":{"line":78,"column":29},"end":{"line":78,"column":null}},"type":"binary-expr","locations":[{"start":{"line":78,"column":29},"end":{"line":78,"column":52}},{"start":{"line":78,"column":52},"end":{"line":78,"column":null}}],"line":78},"8":{"loc":{"start":{"line":78,"column":52},"end":{"line":78,"column":null}},"type":"cond-expr","locations":[{"start":{"line":78,"column":70},"end":{"line":78,"column":82}},{"start":{"line":78,"column":82},"end":{"line":78,"column":null}}],"line":78},"9":{"loc":{"start":{"line":79,"column":27},"end":{"line":79,"column":null}},"type":"binary-expr","locations":[{"start":{"line":79,"column":27},"end":{"line":79,"column":52}},{"start":{"line":79,"column":52},"end":{"line":79,"column":71}},{"start":{"line":79,"column":71},"end":{"line":79,"column":null}}],"line":79},"10":{"loc":{"start":{"line":87,"column":37},"end":{"line":87,"column":97}},"type":"binary-expr","locations":[{"start":{"line":87,"column":37},"end":{"line":87,"column":60}},{"start":{"line":87,"column":60},"end":{"line":87,"column":97}}],"line":87},"11":{"loc":{"start":{"line":87,"column":60},"end":{"line":87,"column":97}},"type":"cond-expr","locations":[{"start":{"line":87,"column":78},"end":{"line":87,"column":90}},{"start":{"line":87,"column":90},"end":{"line":87,"column":97}}],"line":87},"12":{"loc":{"start":{"line":108,"column":12},"end":{"line":159,"column":null}},"type":"cond-expr","locations":[{"start":{"line":109,"column":10},"end":{"line":155,"column":null}},{"start":{"line":157,"column":10},"end":{"line":159,"column":null}}],"line":108},"13":{"loc":{"start":{"line":130,"column":15},"end":{"line":152,"column":null}},"type":"binary-expr","locations":[{"start":{"line":130,"column":15},"end":{"line":130,"column":null}},{"start":{"line":131,"column":16},"end":{"line":152,"column":null}}],"line":130},"14":{"loc":{"start":{"line":136,"column":22},"end":{"line":144,"column":null}},"type":"if","locations":[{"start":{"line":136,"column":22},"end":{"line":144,"column":null}},{"start":{"line":140,"column":29},"end":{"line":144,"column":null}}],"line":136},"15":{"loc":{"start":{"line":150,"column":36},"end":{"line":150,"column":null}},"type":"cond-expr","locations":[{"start":{"line":150,"column":79},"end":{"line":150,"column":157}},{"start":{"line":150,"column":157},"end":{"line":150,"column":null}}],"line":150},"16":{"loc":{"start":{"line":150,"column":36},"end":{"line":150,"column":79}},"type":"binary-expr","locations":[{"start":{"line":150,"column":36},"end":{"line":150,"column":61}},{"start":{"line":150,"column":61},"end":{"line":150,"column":79}}],"line":150},"17":{"loc":{"start":{"line":150,"column":86},"end":{"line":150,"column":134}},"type":"binary-expr","locations":[{"start":{"line":150,"column":86},"end":{"line":150,"column":111}},{"start":{"line":150,"column":111},"end":{"line":150,"column":130}},{"start":{"line":150,"column":130},"end":{"line":150,"column":134}}],"line":150},"18":{"loc":{"start":{"line":164,"column":7},"end":{"line":223,"column":null}},"type":"binary-expr","locations":[{"start":{"line":164,"column":7},"end":{"line":164,"column":null}},{"start":{"line":165,"column":8},"end":{"line":223,"column":null}}],"line":164},"19":{"loc":{"start":{"line":169,"column":14},"end":{"line":219,"column":null}},"type":"cond-expr","locations":[{"start":{"line":170,"column":16},"end":{"line":199,"column":null}},{"start":{"line":201,"column":16},"end":{"line":219,"column":null}}],"line":169},"20":{"loc":{"start":{"line":179,"column":187},"end":{"line":179,"column":266}},"type":"binary-expr","locations":[{"start":{"line":179,"column":187},"end":{"line":179,"column":249}},{"start":{"line":179,"column":249},"end":{"line":179,"column":266}}],"line":179},"21":{"loc":{"start":{"line":184,"column":24},"end":{"line":184,"column":null}},"type":"if","locations":[{"start":{"line":184,"column":24},"end":{"line":184,"column":null}},{"start":{},"end":{}}],"line":184},"22":{"loc":{"start":{"line":187,"column":57},"end":{"line":187,"column":125}},"type":"cond-expr","locations":[{"start":{"line":187,"column":76},"end":{"line":187,"column":124}},{"start":{"line":187,"column":124},"end":{"line":187,"column":125}}],"line":187},"23":{"loc":{"start":{"line":196,"column":67},"end":{"line":196,"column":100}},"type":"binary-expr","locations":[{"start":{"line":196,"column":67},"end":{"line":196,"column":88}},{"start":{"line":196,"column":88},"end":{"line":196,"column":100}}],"line":196},"24":{"loc":{"start":{"line":226,"column":7},"end":{"line":230,"column":null}},"type":"binary-expr","locations":[{"start":{"line":226,"column":7},"end":{"line":226,"column":29}},{"start":{"line":226,"column":29},"end":{"line":226,"column":52}},{"start":{"line":226,"column":52},"end":{"line":226,"column":null}},{"start":{"line":227,"column":8},"end":{"line":230,"column":null}}],"line":226},"25":{"loc":{"start":{"line":234,"column":7},"end":{"line":275,"column":null}},"type":"cond-expr","locations":[{"start":{"line":235,"column":8},"end":{"line":271,"column":null}},{"start":{"line":273,"column":8},"end":{"line":275,"column":null}}],"line":234},"26":{"loc":{"start":{"line":258,"column":13},"end":{"line":268,"column":null}},"type":"binary-expr","locations":[{"start":{"line":258,"column":13},"end":{"line":258,"column":null}},{"start":{"line":259,"column":14},"end":{"line":268,"column":null}}],"line":258}},"s":{"0":1,"1":4,"2":4,"3":4,"4":4,"5":4,"6":4,"7":4,"8":3,"9":3,"10":3,"11":3,"12":4,"13":0,"14":0,"15":0,"16":0,"17":0,"18":0,"19":4,"20":0,"21":0,"22":0,"23":0,"24":0,"25":0,"26":0,"27":0,"28":0,"29":0,"30":4,"31":0,"32":0,"33":0,"34":0,"35":0,"36":0,"37":0,"38":0,"39":0,"40":0,"41":0,"42":0,"43":0,"44":0,"45":0,"46":0,"47":0,"48":0,"49":0,"50":1,"51":0,"52":0,"53":0,"54":0,"55":0,"56":0,"57":0,"58":0,"59":0,"60":0,"61":0,"62":0,"63":0,"64":0,"65":0,"66":0,"67":0,"68":0,"69":0,"70":0,"71":0,"72":1},"f":{"0":4,"1":3,"2":3,"3":3,"4":0,"5":0,"6":0,"7":0,"8":0,"9":0,"10":0,"11":0,"12":0,"13":0,"14":0,"15":1,"16":0,"17":0,"18":0,"19":0,"20":0,"21":0,"22":0,"23":0,"24":0,"25":0,"26":0,"27":0,"28":0,"29":0,"30":1},"b":{"0":[3,0],"1":[0,0],"2":[0,0],"3":[0,0],"4":[0,0,0],"5":[0,4],"6":[4,4,0],"7":[0,0],"8":[0,0],"9":[0,0,0],"10":[0,0],"11":[0,0],"12":[0,4],"13":[0,0],"14":[0,0],"15":[0,0],"16":[0,0],"17":[0,0,0],"18":[4,1],"19":[0,1],"20":[0,0],"21":[0,0],"22":[0,0],"23":[0,0],"24":[4,3,3,3],"25":[1,3],"26":[1,0]},"meta":{"lastBranch":27,"lastFunction":31,"lastStatement":73,"seen":{"s:19:57:279:Infinity":0,"f:19:57:19:58":0,"s:21:38:21:Infinity":1,"s:22:46:22:Infinity":2,"s:23:44:23:Infinity":3,"s:24:40:24:Infinity":4,"s:27:46:27:Infinity":5,"s:28:44:28:Infinity":6,"s:30:2:34:Infinity":7,"f:30:12:30:18":1,"b:31:4:33:Infinity:undefined:undefined:undefined:undefined":0,"s:31:4:33:Infinity":8,"s:32:6:32:Infinity":9,"f:32:42:32:49":2,"s:32:49:32:121":10,"f:32:76:32:82":3,"s:32:82:32:119":11,"s:36:8:44:Infinity":12,"f:36:35:36:42":4,"b:37:4:37:Infinity:undefined:undefined:undefined:undefined":1,"s:37:4:37:Infinity":13,"b:37:8:37:29:37:29:37:47":2,"s:37:47:37:Infinity":14,"s:38:4:43:Infinity":15,"s:39:6:39:Infinity":16,"s:41:6:41:Infinity":17,"s:42:6:42:Infinity":18,"s:46:27:62:Infinity":19,"f:46:27:46:34":5,"b:47:4:47:Infinity:undefined:undefined:undefined:undefined":3,"s:47:4:47:Infinity":20,"b:47:8:47:17:47:17:47:38:47:38:47:49":4,"s:47:49:47:Infinity":21,"s:48:4:61:Infinity":22,"s:49:22:54:Infinity":23,"s:55:6:55:Infinity":24,"f:55:15:55:23":6,"s:55:23:55:95":25,"s:56:6:56:Infinity":26,"s:57:6:57:Infinity":27,"s:58:6:58:Infinity":28,"s:60:6:60:Infinity":29,"s:64:2:277:Infinity":30,"b:73:10:107:Infinity:108:12:159:Infinity":5,"b:72:10:72:32:72:32:72:52:72:52:72:Infinity":6,"b:78:29:78:52:78:52:78:Infinity":7,"b:78:70:78:82:78:82:78:Infinity":8,"b:79:27:79:52:79:52:79:71:79:71:79:Infinity":9,"f:86:25:86:31":7,"s:87:18:87:Infinity":31,"b:87:37:87:60:87:60:87:97":10,"b:87:78:87:90:87:90:87:97":11,"s:88:18:88:Infinity":32,"f:96:25:96:31":8,"s:97:18:97:Infinity":33,"s:98:18:98:Infinity":34,"s:99:18:99:Infinity":35,"b:109:10:155:Infinity:157:10:159:Infinity":12,"f:112:31:112:37":9,"s:112:39:112:67":36,"s:112:67:112:91":37,"f:121:28:121:33":10,"s:121:33:121:Infinity":38,"f:125:39:125:Infinity":11,"s:126:20:126:Infinity":39,"b:130:15:130:Infinity:131:16:152:Infinity":13,"f:135:30:135:31":12,"b:136:22:144:Infinity:140:29:144:Infinity":14,"s:136:22:144:Infinity":40,"s:137:24:137:Infinity":41,"s:138:24:138:Infinity":42,"s:139:24:139:Infinity":43,"s:141:24:141:Infinity":44,"s:142:24:142:Infinity":45,"s:143:24:143:Infinity":46,"s:145:22:145:Infinity":47,"f:147:30:147:35":13,"s:147:35:147:Infinity":48,"b:150:79:150:157:150:157:150:Infinity":15,"b:150:36:150:61:150:61:150:79":16,"b:150:86:150:111:150:111:150:130:150:130:150:134":17,"f:157:27:157:33":14,"s:157:33:157:60":49,"b:164:7:164:Infinity:165:8:223:Infinity":18,"f:168:23:168:Infinity":15,"s:169:14:219:Infinity":50,"b:170:16:199:Infinity:201:16:219:Infinity":19,"f:173:37:173:43":16,"s:173:43:173:67":51,"b:179:187:179:249:179:249:179:266":20,"f:179:208:179:213":17,"s:179:213:179:238":52,"f:183:32:183:39":18,"b:184:24:184:Infinity:undefined:undefined:undefined:undefined":21,"s:184:24:184:Infinity":53,"s:184:33:184:Infinity":54,"s:185:24:191:Infinity":55,"s:186:42:186:Infinity":56,"s:187:26:187:Infinity":57,"f:187:35:187:43":19,"s:187:43:187:126":58,"f:187:52:187:57":20,"s:187:57:187:125":59,"b:187:76:187:124:187:124:187:125":22,"s:188:26:188:Infinity":60,"s:190:26:190:Infinity":61,"f:193:32:193:33":21,"s:193:39:193:Infinity":62,"b:196:67:196:88:196:88:196:100":23,"f:205:31:205:37":22,"s:205:37:205:Infinity":63,"f:212:31:212:37":23,"s:212:37:212:Infinity":64,"f:212:74:212:80":24,"s:212:80:212:132":65,"f:212:89:212:97":25,"s:212:97:212:131":66,"f:212:109:212:114":26,"s:212:114:212:130":67,"b:226:7:226:29:226:29:226:52:226:52:226:Infinity:227:8:230:Infinity":24,"b:235:8:271:Infinity:273:8:275:Infinity":25,"f:238:29:238:35":27,"s:238:37:238:61":68,"s:238:61:238:86":69,"f:248:26:248:31":28,"s:248:31:248:Infinity":70,"f:252:37:252:Infinity":29,"s:253:18:253:Infinity":71,"b:258:13:258:Infinity:259:14:268:Infinity":26,"f:273:25:273:31":30,"s:273:31:273:54":72}}}
,"D:\\01_Projects\\cic-erp-contract\\components\\tasks\\task-detail\\TaskTimeTab.tsx": {"path":"D:\\01_Projects\\cic-erp-contract\\components\\tasks\\task-detail\\TaskTimeTab.tsx","statementMap":{"0":{"start":{"line":9,"column":55},"end":{"line":28,"column":null}},"1":{"start":{"line":10,"column":2},"end":{"line":26,"column":null}}},"fnMap":{"0":{"name":"(anonymous_0)","decl":{"start":{"line":9,"column":55},"end":{"line":9,"column":56}},"loc":{"start":{"line":9,"column":69},"end":{"line":28,"column":null}},"line":9}},"branchMap":{"0":{"loc":{"start":{"line":20,"column":13},"end":{"line":22,"column":20}},"type":"cond-expr","locations":[{"start":{"line":21,"column":16},"end":{"line":21,"column":null}},{"start":{"line":22,"column":16},"end":{"line":22,"column":20}}],"line":20},"1":{"loc":{"start":{"line":20,"column":13},"end":{"line":20,"column":null}},"type":"binary-expr","locations":[{"start":{"line":20,"column":13},"end":{"line":20,"column":32}},{"start":{"line":20,"column":32},"end":{"line":20,"column":null}}],"line":20}},"s":{"0":1,"1":2},"f":{"0":2},"b":{"0":[1,1],"1":[2,1]},"meta":{"lastBranch":2,"lastFunction":1,"lastStatement":2,"seen":{"s:9:55:28:Infinity":0,"f:9:55:9:56":0,"s:10:2:26:Infinity":1,"b:21:16:21:Infinity:22:16:22:20":0,"b:20:13:20:32:20:32:20:Infinity":1}}}
,"D:\\01_Projects\\cic-erp-contract\\components\\ui\\Button.tsx": {"path":"D:\\01_Projects\\cic-erp-contract\\components\\ui\\Button.tsx","statementMap":{"0":{"start":{"line":16,"column":53},"end":{"line":49,"column":null}},"1":{"start":{"line":51,"column":47},"end":{"line":56,"column":null}},"2":{"start":{"line":58,"column":15},"end":{"line":103,"column":null}},"3":{"start":{"line":74,"column":27},"end":{"line":74,"column":null}},"4":{"start":{"line":76,"column":8},"end":{"line":100,"column":null}},"5":{"start":{"line":105,"column":0},"end":{"line":105,"column":null}}},"fnMap":{"0":{"name":"(anonymous_0)","decl":{"start":{"line":59,"column":4},"end":{"line":59,"column":null}},"loc":{"start":{"line":73,"column":9},"end":{"line":102,"column":null}},"line":73}},"branchMap":{"0":{"loc":{"start":{"line":62,"column":12},"end":{"line":62,"column":null}},"type":"default-arg","locations":[{"start":{"line":62,"column":22},"end":{"line":62,"column":null}}],"line":62},"1":{"loc":{"start":{"line":63,"column":12},"end":{"line":63,"column":null}},"type":"default-arg","locations":[{"start":{"line":63,"column":19},"end":{"line":63,"column":null}}],"line":63},"2":{"loc":{"start":{"line":64,"column":12},"end":{"line":64,"column":null}},"type":"default-arg","locations":[{"start":{"line":64,"column":24},"end":{"line":64,"column":null}}],"line":64},"3":{"loc":{"start":{"line":67,"column":12},"end":{"line":67,"column":null}},"type":"default-arg","locations":[{"start":{"line":67,"column":24},"end":{"line":67,"column":null}}],"line":67},"4":{"loc":{"start":{"line":69,"column":12},"end":{"line":69,"column":null}},"type":"default-arg","locations":[{"start":{"line":69,"column":24},"end":{"line":69,"column":null}}],"line":69},"5":{"loc":{"start":{"line":74,"column":27},"end":{"line":74,"column":null}},"type":"binary-expr","locations":[{"start":{"line":74,"column":27},"end":{"line":74,"column":39}},{"start":{"line":74,"column":39},"end":{"line":74,"column":null}}],"line":74},"6":{"loc":{"start":{"line":88,"column":12},"end":{"line":88,"column":37}},"type":"cond-expr","locations":[{"start":{"line":88,"column":24},"end":{"line":88,"column":35}},{"start":{"line":88,"column":35},"end":{"line":88,"column":37}}],"line":88},"7":{"loc":{"start":{"line":89,"column":12},"end":{"line":89,"column":70}},"type":"cond-expr","locations":[{"start":{"line":89,"column":25},"end":{"line":89,"column":30}},{"start":{"line":89,"column":30},"end":{"line":89,"column":70}}],"line":89},"8":{"loc":{"start":{"line":94,"column":17},"end":{"line":95,"column":null}},"type":"binary-expr","locations":[{"start":{"line":94,"column":17},"end":{"line":94,"column":null}},{"start":{"line":95,"column":20},"end":{"line":95,"column":null}}],"line":94},"9":{"loc":{"start":{"line":95,"column":60},"end":{"line":95,"column":127}},"type":"cond-expr","locations":[{"start":{"line":95,"column":76},"end":{"line":95,"column":81}},{"start":{"line":95,"column":81},"end":{"line":95,"column":127}}],"line":95},"10":{"loc":{"start":{"line":95,"column":81},"end":{"line":95,"column":127}},"type":"cond-expr","locations":[{"start":{"line":95,"column":97},"end":{"line":95,"column":102}},{"start":{"line":95,"column":102},"end":{"line":95,"column":127}}],"line":95},"11":{"loc":{"start":{"line":95,"column":102},"end":{"line":95,"column":127}},"type":"cond-expr","locations":[{"start":{"line":95,"column":118},"end":{"line":95,"column":123}},{"start":{"line":95,"column":123},"end":{"line":95,"column":127}}],"line":95},"12":{"loc":{"start":{"line":97,"column":17},"end":{"line":97,"column":null}},"type":"binary-expr","locations":[{"start":{"line":97,"column":17},"end":{"line":97,"column":31}},{"start":{"line":97,"column":31},"end":{"line":97,"column":43}},{"start":{"line":97,"column":43},"end":{"line":97,"column":null}}],"line":97},"13":{"loc":{"start":{"line":98,"column":17},"end":{"line":98,"column":null}},"type":"binary-expr","locations":[{"start":{"line":98,"column":17},"end":{"line":98,"column":29}},{"start":{"line":98,"column":29},"end":{"line":98,"column":null}}],"line":98},"14":{"loc":{"start":{"line":99,"column":17},"end":{"line":99,"column":null}},"type":"binary-expr","locations":[{"start":{"line":99,"column":17},"end":{"line":99,"column":31}},{"start":{"line":99,"column":31},"end":{"line":99,"column":44}},{"start":{"line":99,"column":44},"end":{"line":99,"column":null}}],"line":99}},"s":{"0":1,"1":1,"2":1,"3":8,"4":8,"5":1},"f":{"0":8},"b":{"0":[8],"1":[8],"2":[8],"3":[8],"4":[8],"5":[8,7],"6":[1,7],"7":[2,6],"8":[8,1],"9":[0,1],"10":[0,1],"11":[0,1],"12":[8,7,1],"13":[8,8],"14":[8,7,0]},"meta":{"lastBranch":15,"lastFunction":1,"lastStatement":6,"seen":{"s:16:53:49:Infinity":0,"s:51:47:56:Infinity":1,"s:58:15:103:Infinity":2,"f:59:4:59:Infinity":0,"b:62:22:62:Infinity":0,"b:63:19:63:Infinity":1,"b:64:24:64:Infinity":2,"b:67:24:67:Infinity":3,"b:69:24:69:Infinity":4,"s:74:27:74:Infinity":3,"b:74:27:74:39:74:39:74:Infinity":5,"s:76:8:100:Infinity":4,"b:88:24:88:35:88:35:88:37":6,"b:89:25:89:30:89:30:89:70":7,"b:94:17:94:Infinity:95:20:95:Infinity":8,"b:95:76:95:81:95:81:95:127":9,"b:95:97:95:102:95:102:95:127":10,"b:95:118:95:123:95:123:95:127":11,"b:97:17:97:31:97:31:97:43:97:43:97:Infinity":12,"b:98:17:98:29:98:29:98:Infinity":13,"b:99:17:99:31:99:31:99:44:99:44:99:Infinity":14,"s:105:0:105:Infinity":5}}}
,"D:\\01_Projects\\cic-erp-contract\\hooks\\useFinancialCalculations.ts": {"path":"D:\\01_Projects\\cic-erp-contract\\hooks\\useFinancialCalculations.ts","statementMap":{"0":{"start":{"line":24,"column":4},"end":{"line":59,"column":null}},"1":{"start":{"line":25,"column":27},"end":{"line":25,"column":null}},"2":{"start":{"line":26,"column":25},"end":{"line":26,"column":null}},"3":{"start":{"line":27,"column":31},"end":{"line":27,"column":null}},"4":{"start":{"line":28,"column":31},"end":{"line":28,"column":null}},"5":{"start":{"line":30,"column":8},"end":{"line":44,"column":null}},"6":{"start":{"line":31,"column":36},"end":{"line":31,"column":null}},"7":{"start":{"line":32,"column":35},"end":{"line":32,"column":null}},"8":{"start":{"line":33,"column":32},"end":{"line":33,"column":null}},"9":{"start":{"line":36,"column":12},"end":{"line":36,"column":null}},"10":{"start":{"line":37,"column":12},"end":{"line":37,"column":null}},"11":{"start":{"line":39,"column":30},"end":{"line":39,"column":null}},"12":{"start":{"line":40,"column":12},"end":{"line":41,"column":null}},"13":{"start":{"line":41,"column":88},"end":{"line":41,"column":109}},"14":{"start":{"line":43,"column":12},"end":{"line":43,"column":null}},"15":{"start":{"line":47,"column":34},"end":{"line":47,"column":null}},"16":{"start":{"line":47,"column":68},"end":{"line":47,"column":91}},"17":{"start":{"line":50,"column":27},"end":{"line":50,"column":null}},"18":{"start":{"line":52,"column":28},"end":{"line":52,"column":null}},"19":{"start":{"line":53,"column":29},"end":{"line":53,"column":null}},"20":{"start":{"line":55,"column":8},"end":{"line":58,"column":null}}},"fnMap":{"0":{"name":"useFinancialCalculations","decl":{"start":{"line":20,"column":16},"end":{"line":20,"column":null}},"loc":{"start":{"line":23,"column":19},"end":{"line":60,"column":null}},"line":23},"1":{"name":"(anonymous_1)","decl":{"start":{"line":24,"column":19},"end":{"line":24,"column":25}},"loc":{"start":{"line":24,"column":25},"end":{"line":59,"column":7}},"line":24},"2":{"name":"(anonymous_2)","decl":{"start":{"line":30,"column":26},"end":{"line":30,"column":34}},"loc":{"start":{"line":30,"column":34},"end":{"line":44,"column":9}},"line":30},"3":{"name":"(anonymous_3)","decl":{"start":{"line":41,"column":65},"end":{"line":41,"column":66}},"loc":{"start":{"line":41,"column":88},"end":{"line":41,"column":109}},"line":41},"4":{"name":"(anonymous_4)","decl":{"start":{"line":47,"column":56},"end":{"line":47,"column":57}},"loc":{"start":{"line":47,"column":68},"end":{"line":47,"column":91}},"line":47}},"branchMap":{"0":{"loc":{"start":{"line":22,"column":4},"end":{"line":22,"column":null}},"type":"default-arg","locations":[{"start":{"line":22,"column":42},"end":{"line":22,"column":null}}],"line":22},"1":{"loc":{"start":{"line":33,"column":32},"end":{"line":33,"column":null}},"type":"binary-expr","locations":[{"start":{"line":33,"column":32},"end":{"line":33,"column":48}},{"start":{"line":33,"column":48},"end":{"line":33,"column":null}}],"line":33},"2":{"loc":{"start":{"line":39,"column":30},"end":{"line":39,"column":null}},"type":"binary-expr","locations":[{"start":{"line":39,"column":30},"end":{"line":39,"column":50}},{"start":{"line":39,"column":50},"end":{"line":39,"column":null}}],"line":39},"3":{"loc":{"start":{"line":40,"column":32},"end":{"line":41,"column":null}},"type":"cond-expr","locations":[{"start":{"line":40,"column":48},"end":{"line":40,"column":null}},{"start":{"line":40,"column":48},"end":{"line":41,"column":null}}],"line":40},"4":{"loc":{"start":{"line":41,"column":20},"end":{"line":41,"column":58}},"type":"binary-expr","locations":[{"start":{"line":41,"column":20},"end":{"line":41,"column":54}},{"start":{"line":41,"column":54},"end":{"line":41,"column":58}}],"line":41},"5":{"loc":{"start":{"line":41,"column":93},"end":{"line":41,"column":109}},"type":"binary-expr","locations":[{"start":{"line":41,"column":93},"end":{"line":41,"column":105}},{"start":{"line":41,"column":105},"end":{"line":41,"column":109}}],"line":41},"6":{"loc":{"start":{"line":47,"column":75},"end":{"line":47,"column":91}},"type":"binary-expr","locations":[{"start":{"line":47,"column":75},"end":{"line":47,"column":87}},{"start":{"line":47,"column":87},"end":{"line":47,"column":91}}],"line":47},"7":{"loc":{"start":{"line":53,"column":29},"end":{"line":53,"column":null}},"type":"cond-expr","locations":[{"start":{"line":53,"column":53},"end":{"line":53,"column":93}},{"start":{"line":53,"column":93},"end":{"line":53,"column":null}}],"line":53}},"s":{"0":7,"1":7,"2":7,"3":7,"4":7,"5":7,"6":7,"7":7,"8":7,"9":7,"10":7,"11":7,"12":7,"13":0,"14":7,"15":7,"16":2,"17":7,"18":7,"19":7,"20":7},"f":{"0":7,"1":7,"2":7,"3":0,"4":2},"b":{"0":[7],"1":[7,0],"2":[7,6],"3":[1,6],"4":[6,0],"5":[0,0],"6":[2,0],"7":[6,1]},"meta":{"lastBranch":8,"lastFunction":5,"lastStatement":21,"seen":{"f:20:16:20:Infinity":0,"b:22:42:22:Infinity":0,"s:24:4:59:Infinity":0,"f:24:19:24:25":1,"s:25:27:25:Infinity":1,"s:26:25:26:Infinity":2,"s:27:31:27:Infinity":3,"s:28:31:28:Infinity":4,"s:30:8:44:Infinity":5,"f:30:26:30:34":2,"s:31:36:31:Infinity":6,"s:32:35:32:Infinity":7,"s:33:32:33:Infinity":8,"b:33:32:33:48:33:48:33:Infinity":1,"s:36:12:36:Infinity":9,"s:37:12:37:Infinity":10,"s:39:30:39:Infinity":11,"b:39:30:39:50:39:50:39:Infinity":2,"s:40:12:41:Infinity":12,"b:40:48:40:Infinity:40:48:41:Infinity":3,"b:41:20:41:54:41:54:41:58":4,"f:41:65:41:66":3,"s:41:88:41:109":13,"b:41:93:41:105:41:105:41:109":5,"s:43:12:43:Infinity":14,"s:47:34:47:Infinity":15,"f:47:56:47:57":4,"s:47:68:47:91":16,"b:47:75:47:87:47:87:47:91":6,"s:50:27:50:Infinity":17,"s:52:28:52:Infinity":18,"s:53:29:53:Infinity":19,"b:53:53:53:93:53:93:53:Infinity":7,"s:55:8:58:Infinity":20}}}
,"D:\\01_Projects\\cic-erp-contract\\lib\\dataClient.ts": {"path":"D:\\01_Projects\\cic-erp-contract\\lib\\dataClient.ts","statementMap":{"0":{"start":{"line":20,"column":2},"end":{"line":25,"column":null}},"1":{"start":{"line":21,"column":4},"end":{"line":24,"column":null}},"2":{"start":{"line":22,"column":19},"end":{"line":22,"column":null}},"3":{"start":{"line":23,"column":6},"end":{"line":23,"column":null}},"4":{"start":{"line":23,"column":15},"end":{"line":23,"column":null}},"5":{"start":{"line":26,"column":2},"end":{"line":30,"column":null}},"6":{"start":{"line":27,"column":4},"end":{"line":29,"column":null}},"7":{"start":{"line":28,"column":6},"end":{"line":28,"column":null}},"8":{"start":{"line":28,"column":28},"end":{"line":28,"column":null}},"9":{"start":{"line":31,"column":2},"end":{"line":31,"column":null}},"10":{"start":{"line":34,"column":20},"end":{"line":34,"column":null}},"11":{"start":{"line":37,"column":20},"end":{"line":37,"column":null}},"12":{"start":{"line":38,"column":21},"end":{"line":40,"column":null}},"13":{"start":{"line":42,"column":13},"end":{"line":48,"column":null}},"14":{"start":{"line":58,"column":4},"end":{"line":63,"column":null}},"15":{"start":{"line":59,"column":8},"end":{"line":62,"column":null}}},"fnMap":{"0":{"name":"getEnv","decl":{"start":{"line":19,"column":9},"end":{"line":19,"column":16}},"loc":{"start":{"line":19,"column":58},"end":{"line":32,"column":null}},"line":19},"1":{"name":"syncAuthSession","decl":{"start":{"line":57,"column":22},"end":{"line":57,"column":38}},"loc":{"start":{"line":57,"column":78},"end":{"line":64,"column":null}},"line":57}},"branchMap":{"0":{"loc":{"start":{"line":19,"column":29},"end":{"line":19,"column":58}},"type":"default-arg","locations":[{"start":{"line":19,"column":46},"end":{"line":19,"column":58}}],"line":19},"1":{"loc":{"start":{"line":21,"column":4},"end":{"line":24,"column":null}},"type":"if","locations":[{"start":{"line":21,"column":4},"end":{"line":24,"column":null}},{"start":{},"end":{}}],"line":21},"2":{"loc":{"start":{"line":23,"column":6},"end":{"line":23,"column":null}},"type":"if","locations":[{"start":{"line":23,"column":6},"end":{"line":23,"column":null}},{"start":{},"end":{}}],"line":23},"3":{"loc":{"start":{"line":27,"column":4},"end":{"line":29,"column":null}},"type":"if","locations":[{"start":{"line":27,"column":4},"end":{"line":29,"column":null}},{"start":{},"end":{}}],"line":27},"4":{"loc":{"start":{"line":27,"column":8},"end":{"line":27,"column":55}},"type":"binary-expr","locations":[{"start":{"line":27,"column":8},"end":{"line":27,"column":42}},{"start":{"line":27,"column":42},"end":{"line":27,"column":55}}],"line":27},"5":{"loc":{"start":{"line":28,"column":6},"end":{"line":28,"column":null}},"type":"if","locations":[{"start":{"line":28,"column":6},"end":{"line":28,"column":null}},{"start":{},"end":{}}],"line":28},"6":{"loc":{"start":{"line":38,"column":21},"end":{"line":40,"column":null}},"type":"cond-expr","locations":[{"start":{"line":39,"column":6},"end":{"line":39,"column":null}},{"start":{"line":40,"column":7},"end":{"line":40,"column":null}}],"line":38},"7":{"loc":{"start":{"line":38,"column":21},"end":{"line":38,"column":null}},"type":"binary-expr","locations":[{"start":{"line":38,"column":21},"end":{"line":38,"column":36}},{"start":{"line":38,"column":36},"end":{"line":38,"column":null}}],"line":38},"8":{"loc":{"start":{"line":58,"column":4},"end":{"line":63,"column":null}},"type":"if","locations":[{"start":{"line":58,"column":4},"end":{"line":63,"column":null}},{"start":{},"end":{}}],"line":58},"9":{"loc":{"start":{"line":58,"column":8},"end":{"line":58,"column":57}},"type":"binary-expr","locations":[{"start":{"line":58,"column":8},"end":{"line":58,"column":33}},{"start":{"line":58,"column":33},"end":{"line":58,"column":57}}],"line":58}},"s":{"0":4,"1":4,"2":4,"3":4,"4":3,"5":1,"6":1,"7":1,"8":0,"9":1,"10":1,"11":1,"12":1,"13":1,"14":0,"15":0},"f":{"0":4,"1":0},"b":{"0":[4],"1":[4,0],"2":[3,1],"3":[1,0],"4":[1,1],"5":[0,1],"6":[0,1],"7":[1,1],"8":[0,0],"9":[0,0]},"meta":{"lastBranch":10,"lastFunction":2,"lastStatement":16,"seen":{"f:19:9:19:16":0,"b:19:46:19:58":0,"s:20:2:25:Infinity":0,"b:21:4:24:Infinity:undefined:undefined:undefined:undefined":1,"s:21:4:24:Infinity":1,"s:22:19:22:Infinity":2,"b:23:6:23:Infinity:undefined:undefined:undefined:undefined":2,"s:23:6:23:Infinity":3,"s:23:15:23:Infinity":4,"s:26:2:30:Infinity":5,"b:27:4:29:Infinity:undefined:undefined:undefined:undefined":3,"s:27:4:29:Infinity":6,"b:27:8:27:42:27:42:27:55":4,"b:28:6:28:Infinity:undefined:undefined:undefined:undefined":5,"s:28:6:28:Infinity":7,"s:28:28:28:Infinity":8,"s:31:2:31:Infinity":9,"s:34:20:34:Infinity":10,"s:37:20:37:Infinity":11,"s:38:21:40:Infinity":12,"b:39:6:39:Infinity:40:7:40:Infinity":6,"b:38:21:38:36:38:36:38:Infinity":7,"s:42:13:48:Infinity":13,"f:57:22:57:38":1,"b:58:4:63:Infinity:undefined:undefined:undefined:undefined":8,"s:58:4:63:Infinity":14,"b:58:8:58:33:58:33:58:57":9,"s:59:8:62:Infinity":15}}}
,"D:\\01_Projects\\cic-erp-contract\\lib\\permissions.ts": {"path":"D:\\01_Projects\\cic-erp-contract\\lib\\permissions.ts","statementMap":{"0":{"start":{"line":20,"column":45},"end":{"line":22,"column":null}},"1":{"start":{"line":25,"column":45},"end":{"line":27,"column":null}},"2":{"start":{"line":35,"column":4},"end":{"line":35,"column":null}},"3":{"start":{"line":43,"column":21},"end":{"line":43,"column":null}},"4":{"start":{"line":53,"column":4},"end":{"line":53,"column":null}},"5":{"start":{"line":53,"column":81},"end":{"line":53,"column":null}},"6":{"start":{"line":54,"column":4},"end":{"line":54,"column":null}},"7":{"start":{"line":54,"column":63},"end":{"line":54,"column":null}},"8":{"start":{"line":55,"column":4},"end":{"line":55,"column":null}},"9":{"start":{"line":64,"column":4},"end":{"line":64,"column":null}},"10":{"start":{"line":68,"column":22},"end":{"line":68,"column":null}},"11":{"start":{"line":75,"column":23},"end":{"line":75,"column":null}},"12":{"start":{"line":76,"column":24},"end":{"line":77,"column":null}},"13":{"start":{"line":78,"column":4},"end":{"line":78,"column":null}},"14":{"start":{"line":78,"column":21},"end":{"line":78,"column":null}},"15":{"start":{"line":79,"column":4},"end":{"line":79,"column":null}},"16":{"start":{"line":79,"column":67},"end":{"line":79,"column":null}},"17":{"start":{"line":80,"column":4},"end":{"line":80,"column":null}},"18":{"start":{"line":96,"column":19},"end":{"line":96,"column":null}},"19":{"start":{"line":99,"column":4},"end":{"line":101,"column":null}},"20":{"start":{"line":100,"column":8},"end":{"line":100,"column":null}},"21":{"start":{"line":104,"column":29},"end":{"line":104,"column":null}},"22":{"start":{"line":105,"column":4},"end":{"line":110,"column":null}},"23":{"start":{"line":107,"column":8},"end":{"line":107,"column":null}},"24":{"start":{"line":107,"column":33},"end":{"line":107,"column":null}},"25":{"start":{"line":108,"column":4},"end":{"line":110,"column":null}},"26":{"start":{"line":109,"column":8},"end":{"line":109,"column":null}},"27":{"start":{"line":113,"column":33},"end":{"line":113,"column":null}},"28":{"start":{"line":114,"column":4},"end":{"line":119,"column":null}},"29":{"start":{"line":116,"column":8},"end":{"line":116,"column":null}},"30":{"start":{"line":116,"column":51},"end":{"line":116,"column":null}},"31":{"start":{"line":117,"column":4},"end":{"line":119,"column":null}},"32":{"start":{"line":118,"column":8},"end":{"line":118,"column":null}},"33":{"start":{"line":122,"column":33},"end":{"line":122,"column":null}},"34":{"start":{"line":123,"column":4},"end":{"line":125,"column":null}},"35":{"start":{"line":124,"column":8},"end":{"line":124,"column":null}},"36":{"start":{"line":128,"column":32},"end":{"line":128,"column":null}},"37":{"start":{"line":129,"column":4},"end":{"line":133,"column":null}},"38":{"start":{"line":130,"column":8},"end":{"line":130,"column":null}},"39":{"start":{"line":130,"column":61},"end":{"line":130,"column":null}},"40":{"start":{"line":131,"column":4},"end":{"line":133,"column":null}},"41":{"start":{"line":132,"column":8},"end":{"line":132,"column":null}},"42":{"start":{"line":136,"column":29},"end":{"line":136,"column":null}},"43":{"start":{"line":137,"column":4},"end":{"line":141,"column":null}},"44":{"start":{"line":139,"column":4},"end":{"line":141,"column":null}},"45":{"start":{"line":140,"column":8},"end":{"line":140,"column":null}},"46":{"start":{"line":144,"column":31},"end":{"line":144,"column":null}},"47":{"start":{"line":145,"column":4},"end":{"line":149,"column":null}},"48":{"start":{"line":146,"column":8},"end":{"line":146,"column":null}},"49":{"start":{"line":146,"column":30},"end":{"line":146,"column":null}},"50":{"start":{"line":147,"column":4},"end":{"line":149,"column":null}},"51":{"start":{"line":148,"column":8},"end":{"line":148,"column":null}},"52":{"start":{"line":151,"column":4},"end":{"line":151,"column":null}},"53":{"start":{"line":166,"column":4},"end":{"line":166,"column":null}},"54":{"start":{"line":174,"column":49},"end":{"line":174,"column":null}},"55":{"start":{"line":177,"column":48},"end":{"line":177,"column":null}}},"fnMap":{"0":{"name":"canViewAllUnits","decl":{"start":{"line":34,"column":16},"end":{"line":34,"column":32}},"loc":{"start":{"line":34,"column":57},"end":{"line":36,"column":null}},"line":34},"1":{"name":"canViewEmployees","decl":{"start":{"line":52,"column":16},"end":{"line":52,"column":33}},"loc":{"start":{"line":52,"column":81},"end":{"line":56,"column":null}},"line":52},"2":{"name":"canViewUnits","decl":{"start":{"line":63,"column":16},"end":{"line":63,"column":29}},"loc":{"start":{"line":63,"column":54},"end":{"line":65,"column":null}},"line":63},"3":{"name":"canViewProjects","decl":{"start":{"line":74,"column":16},"end":{"line":74,"column":32}},"loc":{"start":{"line":74,"column":100},"end":{"line":81,"column":null}},"line":74},"4":{"name":"getHiddenNavItems","decl":{"start":{"line":90,"column":16},"end":{"line":90,"column":null}},"loc":{"start":{"line":95,"column":15},"end":{"line":152,"column":null}},"line":95},"5":{"name":"canUpdateContractFinancials","decl":{"start":{"line":165,"column":16},"end":{"line":165,"column":44}},"loc":{"start":{"line":165,"column":69},"end":{"line":167,"column":null}},"line":165}},"branchMap":{"0":{"loc":{"start":{"line":53,"column":4},"end":{"line":53,"column":null}},"type":"if","locations":[{"start":{"line":53,"column":4},"end":{"line":53,"column":null}},{"start":{},"end":{}}],"line":53},"1":{"loc":{"start":{"line":53,"column":8},"end":{"line":53,"column":81}},"type":"binary-expr","locations":[{"start":{"line":53,"column":8},"end":{"line":53,"column":28}},{"start":{"line":53,"column":28},"end":{"line":53,"column":53}},{"start":{"line":53,"column":53},"end":{"line":53,"column":81}}],"line":53},"2":{"loc":{"start":{"line":54,"column":4},"end":{"line":54,"column":null}},"type":"if","locations":[{"start":{"line":54,"column":4},"end":{"line":54,"column":null}},{"start":{},"end":{}}],"line":54},"3":{"loc":{"start":{"line":54,"column":8},"end":{"line":54,"column":63}},"type":"binary-expr","locations":[{"start":{"line":54,"column":8},"end":{"line":54,"column":32}},{"start":{"line":54,"column":32},"end":{"line":54,"column":63}}],"line":54},"4":{"loc":{"start":{"line":64,"column":11},"end":{"line":64,"column":null}},"type":"binary-expr","locations":[{"start":{"line":64,"column":11},"end":{"line":64,"column":31}},{"start":{"line":64,"column":31},"end":{"line":64,"column":56}},{"start":{"line":64,"column":56},"end":{"line":64,"column":81}},{"start":{"line":64,"column":81},"end":{"line":64,"column":null}}],"line":64},"5":{"loc":{"start":{"line":76,"column":24},"end":{"line":77,"column":null}},"type":"binary-expr","locations":[{"start":{"line":76,"column":24},"end":{"line":76,"column":null}},{"start":{"line":77,"column":25},"end":{"line":77,"column":69}},{"start":{"line":77,"column":69},"end":{"line":77,"column":null}}],"line":76},"6":{"loc":{"start":{"line":78,"column":4},"end":{"line":78,"column":null}},"type":"if","locations":[{"start":{"line":78,"column":4},"end":{"line":78,"column":null}},{"start":{},"end":{}}],"line":78},"7":{"loc":{"start":{"line":79,"column":4},"end":{"line":79,"column":null}},"type":"if","locations":[{"start":{"line":79,"column":4},"end":{"line":79,"column":null}},{"start":{},"end":{}}],"line":79},"8":{"loc":{"start":{"line":79,"column":8},"end":{"line":79,"column":67}},"type":"binary-expr","locations":[{"start":{"line":79,"column":8},"end":{"line":79,"column":21}},{"start":{"line":79,"column":21},"end":{"line":79,"column":67}}],"line":79},"9":{"loc":{"start":{"line":99,"column":4},"end":{"line":101,"column":null}},"type":"if","locations":[{"start":{"line":99,"column":4},"end":{"line":101,"column":null}},{"start":{},"end":{}}],"line":99},"10":{"loc":{"start":{"line":105,"column":4},"end":{"line":110,"column":null}},"type":"if","locations":[{"start":{"line":105,"column":4},"end":{"line":110,"column":null}},{"start":{"line":108,"column":4},"end":{"line":110,"column":null}}],"line":105},"11":{"loc":{"start":{"line":107,"column":8},"end":{"line":107,"column":null}},"type":"if","locations":[{"start":{"line":107,"column":8},"end":{"line":107,"column":null}},{"start":{},"end":{}}],"line":107},"12":{"loc":{"start":{"line":108,"column":4},"end":{"line":110,"column":null}},"type":"if","locations":[{"start":{"line":108,"column":4},"end":{"line":110,"column":null}},{"start":{},"end":{}}],"line":108},"13":{"loc":{"start":{"line":114,"column":4},"end":{"line":119,"column":null}},"type":"if","locations":[{"start":{"line":114,"column":4},"end":{"line":119,"column":null}},{"start":{"line":117,"column":4},"end":{"line":119,"column":null}}],"line":114},"14":{"loc":{"start":{"line":116,"column":8},"end":{"line":116,"column":null}},"type":"if","locations":[{"start":{"line":116,"column":8},"end":{"line":116,"column":null}},{"start":{},"end":{}}],"line":116},"15":{"loc":{"start":{"line":117,"column":4},"end":{"line":119,"column":null}},"type":"if","locations":[{"start":{"line":117,"column":4},"end":{"line":119,"column":null}},{"start":{},"end":{}}],"line":117},"16":{"loc":{"start":{"line":123,"column":4},"end":{"line":125,"column":null}},"type":"if","locations":[{"start":{"line":123,"column":4},"end":{"line":125,"column":null}},{"start":{},"end":{}}],"line":123},"17":{"loc":{"start":{"line":123,"column":8},"end":{"line":123,"column":79}},"type":"binary-expr","locations":[{"start":{"line":123,"column":8},"end":{"line":123,"column":22}},{"start":{"line":123,"column":22},"end":{"line":123,"column":79}}],"line":123},"18":{"loc":{"start":{"line":129,"column":4},"end":{"line":133,"column":null}},"type":"if","locations":[{"start":{"line":129,"column":4},"end":{"line":133,"column":null}},{"start":{"line":131,"column":4},"end":{"line":133,"column":null}}],"line":129},"19":{"loc":{"start":{"line":130,"column":8},"end":{"line":130,"column":null}},"type":"if","locations":[{"start":{"line":130,"column":8},"end":{"line":130,"column":null}},{"start":{},"end":{}}],"line":130},"20":{"loc":{"start":{"line":131,"column":4},"end":{"line":133,"column":null}},"type":"if","locations":[{"start":{"line":131,"column":4},"end":{"line":133,"column":null}},{"start":{},"end":{}}],"line":131},"21":{"loc":{"start":{"line":137,"column":4},"end":{"line":141,"column":null}},"type":"if","locations":[{"start":{"line":137,"column":4},"end":{"line":141,"column":null}},{"start":{"line":139,"column":4},"end":{"line":141,"column":null}}],"line":137},"22":{"loc":{"start":{"line":139,"column":4},"end":{"line":141,"column":null}},"type":"if","locations":[{"start":{"line":139,"column":4},"end":{"line":141,"column":null}},{"start":{},"end":{}}],"line":139},"23":{"loc":{"start":{"line":145,"column":4},"end":{"line":149,"column":null}},"type":"if","locations":[{"start":{"line":145,"column":4},"end":{"line":149,"column":null}},{"start":{"line":147,"column":4},"end":{"line":149,"column":null}}],"line":145},"24":{"loc":{"start":{"line":146,"column":8},"end":{"line":146,"column":null}},"type":"if","locations":[{"start":{"line":146,"column":8},"end":{"line":146,"column":null}},{"start":{},"end":{}}],"line":146},"25":{"loc":{"start":{"line":147,"column":4},"end":{"line":149,"column":null}},"type":"if","locations":[{"start":{"line":147,"column":4},"end":{"line":149,"column":null}},{"start":{},"end":{}}],"line":147}},"s":{"0":1,"1":1,"2":5,"3":1,"4":9,"5":4,"6":5,"7":1,"8":4,"9":9,"10":1,"11":7,"12":7,"13":7,"14":7,"15":0,"16":0,"17":0,"18":4,"19":4,"20":3,"21":4,"22":4,"23":3,"24":2,"25":1,"26":0,"27":4,"28":4,"29":3,"30":2,"31":1,"32":1,"33":4,"34":4,"35":4,"36":4,"37":4,"38":4,"39":0,"40":0,"41":0,"42":4,"43":4,"44":0,"45":0,"46":4,"47":4,"48":4,"49":3,"50":0,"51":0,"52":4,"53":5,"54":1,"55":1},"f":{"0":5,"1":9,"2":9,"3":7,"4":4,"5":5},"b":{"0":[4,5],"1":[9,7,6],"2":[1,4],"3":[5,2],"4":[9,7,6,5],"5":[7,7,0],"6":[7,0],"7":[0,0],"8":[0,0],"9":[3,1],"10":[3,1],"11":[2,1],"12":[0,1],"13":[3,1],"14":[2,1],"15":[1,0],"16":[4,0],"17":[4,0],"18":[4,0],"19":[0,4],"20":[0,0],"21":[4,0],"22":[0,0],"23":[4,0],"24":[3,1],"25":[0,0]},"meta":{"lastBranch":26,"lastFunction":6,"lastStatement":56,"seen":{"s:20:45:22:Infinity":0,"s:25:45:27:Infinity":1,"f:34:16:34:32":0,"s:35:4:35:Infinity":2,"s:43:21:43:Infinity":3,"f:52:16:52:33":1,"b:53:4:53:Infinity:undefined:undefined:undefined:undefined":0,"s:53:4:53:Infinity":4,"b:53:8:53:28:53:28:53:53:53:53:53:81":1,"s:53:81:53:Infinity":5,"b:54:4:54:Infinity:undefined:undefined:undefined:undefined":2,"s:54:4:54:Infinity":6,"b:54:8:54:32:54:32:54:63":3,"s:54:63:54:Infinity":7,"s:55:4:55:Infinity":8,"f:63:16:63:29":2,"s:64:4:64:Infinity":9,"b:64:11:64:31:64:31:64:56:64:56:64:81:64:81:64:Infinity":4,"s:68:22:68:Infinity":10,"f:74:16:74:32":3,"s:75:23:75:Infinity":11,"s:76:24:77:Infinity":12,"b:76:24:76:Infinity:77:25:77:69:77:69:77:Infinity":5,"b:78:4:78:Infinity:undefined:undefined:undefined:undefined":6,"s:78:4:78:Infinity":13,"s:78:21:78:Infinity":14,"b:79:4:79:Infinity:undefined:undefined:undefined:undefined":7,"s:79:4:79:Infinity":15,"b:79:8:79:21:79:21:79:67":8,"s:79:67:79:Infinity":16,"s:80:4:80:Infinity":17,"f:90:16:90:Infinity":4,"s:96:19:96:Infinity":18,"b:99:4:101:Infinity:undefined:undefined:undefined:undefined":9,"s:99:4:101:Infinity":19,"s:100:8:100:Infinity":20,"s:104:29:104:Infinity":21,"b:105:4:110:Infinity:108:4:110:Infinity":10,"s:105:4:110:Infinity":22,"b:107:8:107:Infinity:undefined:undefined:undefined:undefined":11,"s:107:8:107:Infinity":23,"s:107:33:107:Infinity":24,"b:108:4:110:Infinity:undefined:undefined:undefined:undefined":12,"s:108:4:110:Infinity":25,"s:109:8:109:Infinity":26,"s:113:33:113:Infinity":27,"b:114:4:119:Infinity:117:4:119:Infinity":13,"s:114:4:119:Infinity":28,"b:116:8:116:Infinity:undefined:undefined:undefined:undefined":14,"s:116:8:116:Infinity":29,"s:116:51:116:Infinity":30,"b:117:4:119:Infinity:undefined:undefined:undefined:undefined":15,"s:117:4:119:Infinity":31,"s:118:8:118:Infinity":32,"s:122:33:122:Infinity":33,"b:123:4:125:Infinity:undefined:undefined:undefined:undefined":16,"s:123:4:125:Infinity":34,"b:123:8:123:22:123:22:123:79":17,"s:124:8:124:Infinity":35,"s:128:32:128:Infinity":36,"b:129:4:133:Infinity:131:4:133:Infinity":18,"s:129:4:133:Infinity":37,"b:130:8:130:Infinity:undefined:undefined:undefined:undefined":19,"s:130:8:130:Infinity":38,"s:130:61:130:Infinity":39,"b:131:4:133:Infinity:undefined:undefined:undefined:undefined":20,"s:131:4:133:Infinity":40,"s:132:8:132:Infinity":41,"s:136:29:136:Infinity":42,"b:137:4:141:Infinity:139:4:141:Infinity":21,"s:137:4:141:Infinity":43,"b:139:4:141:Infinity:undefined:undefined:undefined:undefined":22,"s:139:4:141:Infinity":44,"s:140:8:140:Infinity":45,"s:144:31:144:Infinity":46,"b:145:4:149:Infinity:147:4:149:Infinity":23,"s:145:4:149:Infinity":47,"b:146:8:146:Infinity:undefined:undefined:undefined:undefined":24,"s:146:8:146:Infinity":48,"s:146:30:146:Infinity":49,"b:147:4:149:Infinity:undefined:undefined:undefined:undefined":25,"s:147:4:149:Infinity":50,"s:148:8:148:Infinity":51,"s:151:4:151:Infinity":52,"f:165:16:165:44":5,"s:166:4:166:Infinity":53,"s:174:49:174:Infinity":54,"s:177:48:177:Infinity":55}}}
,"D:\\01_Projects\\cic-erp-contract\\lib\\supabaseDefaults.ts": {"path":"D:\\01_Projects\\cic-erp-contract\\lib\\supabaseDefaults.ts","statementMap":{"0":{"start":{"line":5,"column":36},"end":{"line":5,"column":null}},"1":{"start":{"line":8,"column":4},"end":{"line":8,"column":null}}},"fnMap":{},"branchMap":{},"s":{"0":1,"1":1},"f":{},"b":{},"meta":{"lastBranch":0,"lastFunction":0,"lastStatement":2,"seen":{"s:5:36:5:Infinity":0,"s:8:4:8:Infinity":1}}}
,"D:\\01_Projects\\cic-erp-contract\\lib\\utils.ts": {"path":"D:\\01_Projects\\cic-erp-contract\\lib\\utils.ts","statementMap":{"0":{"start":{"line":5,"column":4},"end":{"line":5,"column":null}},"1":{"start":{"line":14,"column":4},"end":{"line":14,"column":null}},"2":{"start":{"line":14,"column":63},"end":{"line":14,"column":null}},"3":{"start":{"line":15,"column":21},"end":{"line":15,"column":null}},"4":{"start":{"line":16,"column":4},"end":{"line":16,"column":null}},"5":{"start":{"line":16,"column":25},"end":{"line":16,"column":null}},"6":{"start":{"line":17,"column":4},"end":{"line":17,"column":null}},"7":{"start":{"line":27,"column":22},"end":{"line":27,"column":null}},"8":{"start":{"line":28,"column":4},"end":{"line":28,"column":null}},"9":{"start":{"line":37,"column":4},"end":{"line":37,"column":null}},"10":{"start":{"line":37,"column":16},"end":{"line":37,"column":null}},"11":{"start":{"line":39,"column":20},"end":{"line":39,"column":null}},"12":{"start":{"line":40,"column":19},"end":{"line":40,"column":null}},"13":{"start":{"line":41,"column":4},"end":{"line":41,"column":null}}},"fnMap":{"0":{"name":"cn","decl":{"start":{"line":4,"column":16},"end":{"line":4,"column":22}},"loc":{"start":{"line":4,"column":44},"end":{"line":6,"column":null}},"line":4},"1":{"name":"formatNumber","decl":{"start":{"line":13,"column":16},"end":{"line":13,"column":29}},"loc":{"start":{"line":13,"column":80},"end":{"line":18,"column":null}},"line":13},"2":{"name":"formatVND","decl":{"start":{"line":26,"column":16},"end":{"line":26,"column":26}},"loc":{"start":{"line":26,"column":108},"end":{"line":29,"column":null}},"line":26},"3":{"name":"parseFormattedNumber","decl":{"start":{"line":36,"column":16},"end":{"line":36,"column":37}},"loc":{"start":{"line":36,"column":60},"end":{"line":42,"column":null}},"line":36}},"branchMap":{"0":{"loc":{"start":{"line":14,"column":4},"end":{"line":14,"column":null}},"type":"if","locations":[{"start":{"line":14,"column":4},"end":{"line":14,"column":null}},{"start":{},"end":{}}],"line":14},"1":{"loc":{"start":{"line":14,"column":8},"end":{"line":14,"column":63}},"type":"binary-expr","locations":[{"start":{"line":14,"column":8},"end":{"line":14,"column":26}},{"start":{"line":14,"column":26},"end":{"line":14,"column":49}},{"start":{"line":14,"column":49},"end":{"line":14,"column":63}}],"line":14},"2":{"loc":{"start":{"line":15,"column":21},"end":{"line":15,"column":null}},"type":"cond-expr","locations":[{"start":{"line":15,"column":49},"end":{"line":15,"column":69}},{"start":{"line":15,"column":69},"end":{"line":15,"column":null}}],"line":15},"3":{"loc":{"start":{"line":16,"column":4},"end":{"line":16,"column":null}},"type":"if","locations":[{"start":{"line":16,"column":4},"end":{"line":16,"column":null}},{"start":{},"end":{}}],"line":16},"4":{"loc":{"start":{"line":26,"column":69},"end":{"line":26,"column":108}},"type":"default-arg","locations":[{"start":{"line":26,"column":93},"end":{"line":26,"column":108}}],"line":26},"5":{"loc":{"start":{"line":28,"column":11},"end":{"line":28,"column":null}},"type":"cond-expr","locations":[{"start":{"line":28,"column":26},"end":{"line":28,"column":45}},{"start":{"line":28,"column":45},"end":{"line":28,"column":null}}],"line":28},"6":{"loc":{"start":{"line":37,"column":4},"end":{"line":37,"column":null}},"type":"if","locations":[{"start":{"line":37,"column":4},"end":{"line":37,"column":null}},{"start":{},"end":{}}],"line":37},"7":{"loc":{"start":{"line":41,"column":11},"end":{"line":41,"column":null}},"type":"cond-expr","locations":[{"start":{"line":41,"column":27},"end":{"line":41,"column":31}},{"start":{"line":41,"column":31},"end":{"line":41,"column":null}}],"line":41}},"s":{"0":2,"1":8,"2":2,"3":6,"4":8,"5":1,"6":5,"7":3,"8":3,"9":4,"10":1,"11":3,"12":3,"13":3},"f":{"0":2,"1":8,"2":3,"3":4},"b":{"0":[2,6],"1":[8,7,6],"2":[2,4],"3":[1,7],"4":[3],"5":[1,2],"6":[1,3],"7":[0,3]},"meta":{"lastBranch":8,"lastFunction":4,"lastStatement":14,"seen":{"f:4:16:4:22":0,"s:5:4:5:Infinity":0,"f:13:16:13:29":1,"b:14:4:14:Infinity:undefined:undefined:undefined:undefined":0,"s:14:4:14:Infinity":1,"b:14:8:14:26:14:26:14:49:14:49:14:63":1,"s:14:63:14:Infinity":2,"s:15:21:15:Infinity":3,"b:15:49:15:69:15:69:15:Infinity":2,"b:16:4:16:Infinity:undefined:undefined:undefined:undefined":3,"s:16:4:16:Infinity":4,"s:16:25:16:Infinity":5,"s:17:4:17:Infinity":6,"f:26:16:26:26":2,"b:26:93:26:108":4,"s:27:22:27:Infinity":7,"s:28:4:28:Infinity":8,"b:28:26:28:45:28:45:28:Infinity":5,"f:36:16:36:37":3,"b:37:4:37:Infinity:undefined:undefined:undefined:undefined":6,"s:37:4:37:Infinity":9,"s:37:16:37:Infinity":10,"s:39:20:39:Infinity":11,"s:40:19:40:Infinity":12,"s:41:4:41:Infinity":13,"b:41:27:41:31:41:31:41:Infinity":7}}}
,"D:\\01_Projects\\cic-erp-contract\\services\\auditLogService.ts": {"path":"D:\\01_Projects\\cic-erp-contract\\services\\auditLogService.ts","statementMap":{"0":{"start":{"line":19,"column":21},"end":{"line":19,"column":null}},"1":{"start":{"line":24,"column":31},"end":{"line":304,"column":null}},"2":{"start":{"line":30,"column":8},"end":{"line":78,"column":null}},"3":{"start":{"line":32,"column":36},"end":{"line":38,"column":null}},"4":{"start":{"line":40,"column":12},"end":{"line":43,"column":null}},"5":{"start":{"line":41,"column":16},"end":{"line":41,"column":null}},"6":{"start":{"line":42,"column":16},"end":{"line":42,"column":null}},"7":{"start":{"line":45,"column":12},"end":{"line":45,"column":null}},"8":{"start":{"line":45,"column":44},"end":{"line":45,"column":null}},"9":{"start":{"line":48,"column":28},"end":{"line":52,"column":null}},"10":{"start":{"line":50,"column":39},"end":{"line":50,"column":50}},"11":{"start":{"line":51,"column":51},"end":{"line":51,"column":78}},"12":{"start":{"line":55,"column":12},"end":{"line":66,"column":null}},"13":{"start":{"line":56,"column":43},"end":{"line":59,"column":null}},"14":{"start":{"line":61,"column":16},"end":{"line":65,"column":null}},"15":{"start":{"line":62,"column":20},"end":{"line":64,"column":null}},"16":{"start":{"line":63,"column":24},"end":{"line":63,"column":null}},"17":{"start":{"line":69,"column":12},"end":{"line":74,"column":null}},"18":{"start":{"line":69,"column":43},"end":{"line":74,"column":14}},"19":{"start":{"line":76,"column":12},"end":{"line":76,"column":null}},"20":{"start":{"line":77,"column":12},"end":{"line":77,"column":null}},"21":{"start":{"line":86,"column":8},"end":{"line":102,"column":null}},"22":{"start":{"line":87,"column":36},"end":{"line":91,"column":null}},"23":{"start":{"line":93,"column":12},"end":{"line":96,"column":null}},"24":{"start":{"line":94,"column":16},"end":{"line":94,"column":null}},"25":{"start":{"line":95,"column":16},"end":{"line":95,"column":null}},"26":{"start":{"line":98,"column":12},"end":{"line":98,"column":null}},"27":{"start":{"line":100,"column":12},"end":{"line":100,"column":null}},"28":{"start":{"line":101,"column":12},"end":{"line":101,"column":null}},"29":{"start":{"line":111,"column":53},"end":{"line":124,"column":null}},"30":{"start":{"line":126,"column":52},"end":{"line":134,"column":null}},"31":{"start":{"line":137,"column":52},"end":{"line":163,"column":null}},"32":{"start":{"line":166,"column":29},"end":{"line":168,"column":null}},"33":{"start":{"line":170,"column":32},"end":{"line":170,"column":null}},"34":{"start":{"line":170,"column":47},"end":{"line":170,"column":null}},"35":{"start":{"line":171,"column":31},"end":{"line":171,"column":null}},"36":{"start":{"line":171,"column":46},"end":{"line":171,"column":null}},"37":{"start":{"line":173,"column":8},"end":{"line":287,"column":null}},"38":{"start":{"line":175,"column":30},"end":{"line":175,"column":null}},"39":{"start":{"line":176,"column":16},"end":{"line":176,"column":null}},"40":{"start":{"line":180,"column":16},"end":{"line":180,"column":null}},"41":{"start":{"line":180,"column":42},"end":{"line":180,"column":null}},"42":{"start":{"line":185,"column":16},"end":{"line":187,"column":null}},"43":{"start":{"line":186,"column":20},"end":{"line":186,"column":null}},"44":{"start":{"line":189,"column":16},"end":{"line":191,"column":null}},"45":{"start":{"line":190,"column":20},"end":{"line":190,"column":null}},"46":{"start":{"line":193,"column":16},"end":{"line":195,"column":null}},"47":{"start":{"line":194,"column":20},"end":{"line":194,"column":null}},"48":{"start":{"line":197,"column":16},"end":{"line":199,"column":null}},"49":{"start":{"line":198,"column":20},"end":{"line":198,"column":null}},"50":{"start":{"line":201,"column":16},"end":{"line":203,"column":null}},"51":{"start":{"line":202,"column":20},"end":{"line":202,"column":null}},"52":{"start":{"line":205,"column":16},"end":{"line":207,"column":null}},"53":{"start":{"line":206,"column":20},"end":{"line":206,"column":null}},"54":{"start":{"line":209,"column":16},"end":{"line":218,"column":null}},"55":{"start":{"line":210,"column":62},"end":{"line":216,"column":null}},"56":{"start":{"line":217,"column":20},"end":{"line":217,"column":null}},"57":{"start":{"line":220,"column":16},"end":{"line":222,"column":null}},"58":{"start":{"line":221,"column":20},"end":{"line":221,"column":null}},"59":{"start":{"line":225,"column":48},"end":{"line":225,"column":null}},"60":{"start":{"line":228,"column":36},"end":{"line":247,"column":null}},"61":{"start":{"line":229,"column":20},"end":{"line":229,"column":null}},"62":{"start":{"line":229,"column":67},"end":{"line":229,"column":null}},"63":{"start":{"line":230,"column":20},"end":{"line":230,"column":null}},"64":{"start":{"line":230,"column":48},"end":{"line":230,"column":null}},"65":{"start":{"line":231,"column":20},"end":{"line":231,"column":null}},"66":{"start":{"line":231,"column":47},"end":{"line":231,"column":null}},"67":{"start":{"line":232,"column":20},"end":{"line":238,"column":null}},"68":{"start":{"line":234,"column":24},"end":{"line":236,"column":null}},"69":{"start":{"line":235,"column":28},"end":{"line":235,"column":null}},"70":{"start":{"line":237,"column":24},"end":{"line":237,"column":null}},"71":{"start":{"line":239,"column":20},"end":{"line":245,"column":null}},"72":{"start":{"line":241,"column":24},"end":{"line":243,"column":null}},"73":{"start":{"line":242,"column":28},"end":{"line":242,"column":null}},"74":{"start":{"line":244,"column":24},"end":{"line":244,"column":null}},"75":{"start":{"line":246,"column":20},"end":{"line":246,"column":null}},"76":{"start":{"line":249,"column":16},"end":{"line":263,"column":null}},"77":{"start":{"line":250,"column":20},"end":{"line":250,"column":null}},"78":{"start":{"line":250,"column":47},"end":{"line":250,"column":null}},"79":{"start":{"line":252,"column":38},"end":{"line":252,"column":null}},"80":{"start":{"line":253,"column":38},"end":{"line":253,"column":null}},"81":{"start":{"line":255,"column":38},"end":{"line":255,"column":null}},"82":{"start":{"line":256,"column":38},"end":{"line":256,"column":null}},"83":{"start":{"line":258,"column":20},"end":{"line":262,"column":null}},"84":{"start":{"line":259,"column":39},"end":{"line":259,"column":null}},"85":{"start":{"line":260,"column":39},"end":{"line":260,"column":null}},"86":{"start":{"line":261,"column":24},"end":{"line":261,"column":null}},"87":{"start":{"line":265,"column":16},"end":{"line":267,"column":null}},"88":{"start":{"line":266,"column":20},"end":{"line":266,"column":null}},"89":{"start":{"line":269,"column":16},"end":{"line":269,"column":null}},"90":{"start":{"line":273,"column":30},"end":{"line":273,"column":null}},"91":{"start":{"line":274,"column":16},"end":{"line":274,"column":null}},"92":{"start":{"line":278,"column":16},"end":{"line":278,"column":null}},"93":{"start":{"line":280,"column":16},"end":{"line":280,"column":null}},"94":{"start":{"line":282,"column":16},"end":{"line":282,"column":null}},"95":{"start":{"line":284,"column":16},"end":{"line":284,"column":null}},"96":{"start":{"line":286,"column":16},"end":{"line":286,"column":null}},"97":{"start":{"line":295,"column":21},"end":{"line":295,"column":null}},"98":{"start":{"line":296,"column":8},"end":{"line":302,"column":null}}},"fnMap":{"0":{"name":"(anonymous_0)","decl":{"start":{"line":29,"column":10},"end":{"line":29,"column":24}},"loc":{"start":{"line":29,"column":82},"end":{"line":79,"column":null}},"line":29},"1":{"name":"(anonymous_1)","decl":{"start":{"line":50,"column":25},"end":{"line":50,"column":26}},"loc":{"start":{"line":50,"column":39},"end":{"line":50,"column":50}},"line":50},"2":{"name":"(anonymous_2)","decl":{"start":{"line":51,"column":28},"end":{"line":51,"column":29}},"loc":{"start":{"line":51,"column":51},"end":{"line":51,"column":78}},"line":51},"3":{"name":"(anonymous_3)","decl":{"start":{"line":69,"column":28},"end":{"line":69,"column":29}},"loc":{"start":{"line":69,"column":43},"end":{"line":74,"column":14}},"line":69},"4":{"name":"(anonymous_4)","decl":{"start":{"line":85,"column":10},"end":{"line":85,"column":17}},"loc":{"start":{"line":85,"column":99},"end":{"line":103,"column":null}},"line":85},"5":{"name":"(anonymous_5)","decl":{"start":{"line":109,"column":4},"end":{"line":109,"column":17}},"loc":{"start":{"line":109,"column":71},"end":{"line":288,"column":null}},"line":109},"6":{"name":"(anonymous_6)","decl":{"start":{"line":170,"column":32},"end":{"line":170,"column":33}},"loc":{"start":{"line":170,"column":47},"end":{"line":170,"column":null}},"line":170},"7":{"name":"(anonymous_7)","decl":{"start":{"line":171,"column":31},"end":{"line":171,"column":32}},"loc":{"start":{"line":171,"column":46},"end":{"line":171,"column":null}},"line":171},"8":{"name":"(anonymous_8)","decl":{"start":{"line":228,"column":36},"end":{"line":228,"column":37}},"loc":{"start":{"line":228,"column":69},"end":{"line":247,"column":null}},"line":228},"9":{"name":"(anonymous_9)","decl":{"start":{"line":293,"column":4},"end":{"line":293,"column":19}},"loc":{"start":{"line":293,"column":71},"end":{"line":303,"column":null}},"line":293}},"branchMap":{"0":{"loc":{"start":{"line":40,"column":12},"end":{"line":43,"column":null}},"type":"if","locations":[{"start":{"line":40,"column":12},"end":{"line":43,"column":null}},{"start":{},"end":{}}],"line":40},"1":{"loc":{"start":{"line":45,"column":12},"end":{"line":45,"column":null}},"type":"if","locations":[{"start":{"line":45,"column":12},"end":{"line":45,"column":null}},{"start":{},"end":{}}],"line":45},"2":{"loc":{"start":{"line":45,"column":16},"end":{"line":45,"column":44}},"type":"binary-expr","locations":[{"start":{"line":45,"column":16},"end":{"line":45,"column":25}},{"start":{"line":45,"column":25},"end":{"line":45,"column":44}}],"line":45},"3":{"loc":{"start":{"line":51,"column":51},"end":{"line":51,"column":78}},"type":"binary-expr","locations":[{"start":{"line":51,"column":51},"end":{"line":51,"column":57}},{"start":{"line":51,"column":57},"end":{"line":51,"column":78}}],"line":51},"4":{"loc":{"start":{"line":55,"column":12},"end":{"line":66,"column":null}},"type":"if","locations":[{"start":{"line":55,"column":12},"end":{"line":66,"column":null}},{"start":{},"end":{}}],"line":55},"5":{"loc":{"start":{"line":61,"column":16},"end":{"line":65,"column":null}},"type":"if","locations":[{"start":{"line":61,"column":16},"end":{"line":65,"column":null}},{"start":{},"end":{}}],"line":61},"6":{"loc":{"start":{"line":63,"column":47},"end":{"line":63,"column":74}},"type":"binary-expr","locations":[{"start":{"line":63,"column":47},"end":{"line":63,"column":62}},{"start":{"line":63,"column":62},"end":{"line":63,"column":74}}],"line":63},"7":{"loc":{"start":{"line":71,"column":27},"end":{"line":73,"column":null}},"type":"cond-expr","locations":[{"start":{"line":72,"column":23},"end":{"line":72,"column":null}},{"start":{"line":73,"column":22},"end":{"line":73,"column":null}}],"line":71},"8":{"loc":{"start":{"line":72,"column":23},"end":{"line":72,"column":null}},"type":"binary-expr","locations":[{"start":{"line":72,"column":23},"end":{"line":72,"column":56}},{"start":{"line":72,"column":56},"end":{"line":72,"column":null}}],"line":72},"9":{"loc":{"start":{"line":93,"column":12},"end":{"line":96,"column":null}},"type":"if","locations":[{"start":{"line":93,"column":12},"end":{"line":96,"column":null}},{"start":{},"end":{}}],"line":93},"10":{"loc":{"start":{"line":170,"column":47},"end":{"line":170,"column":null}},"type":"binary-expr","locations":[{"start":{"line":170,"column":47},"end":{"line":170,"column":66}},{"start":{"line":170,"column":66},"end":{"line":170,"column":null}}],"line":170},"11":{"loc":{"start":{"line":171,"column":46},"end":{"line":171,"column":null}},"type":"binary-expr","locations":[{"start":{"line":171,"column":46},"end":{"line":171,"column":64}},{"start":{"line":171,"column":64},"end":{"line":171,"column":null}}],"line":171},"12":{"loc":{"start":{"line":173,"column":8},"end":{"line":287,"column":null}},"type":"switch","locations":[{"start":{"line":174,"column":12},"end":{"line":177,"column":null}},{"start":{"line":179,"column":12},"end":{"line":270,"column":null}},{"start":{"line":272,"column":12},"end":{"line":275,"column":null}},{"start":{"line":277,"column":12},"end":{"line":278,"column":null}},{"start":{"line":279,"column":12},"end":{"line":280,"column":null}},{"start":{"line":281,"column":12},"end":{"line":282,"column":null}},{"start":{"line":283,"column":12},"end":{"line":284,"column":null}},{"start":{"line":285,"column":12},"end":{"line":286,"column":null}}],"line":173},"13":{"loc":{"start":{"line":176,"column":23},"end":{"line":176,"column":null}},"type":"cond-expr","locations":[{"start":{"line":176,"column":31},"end":{"line":176,"column":63}},{"start":{"line":176,"column":63},"end":{"line":176,"column":null}}],"line":176},"14":{"loc":{"start":{"line":180,"column":16},"end":{"line":180,"column":null}},"type":"if","locations":[{"start":{"line":180,"column":16},"end":{"line":180,"column":null}},{"start":{},"end":{}}],"line":180},"15":{"loc":{"start":{"line":180,"column":20},"end":{"line":180,"column":42}},"type":"binary-expr","locations":[{"start":{"line":180,"column":20},"end":{"line":180,"column":32}},{"start":{"line":180,"column":32},"end":{"line":180,"column":42}}],"line":180},"16":{"loc":{"start":{"line":185,"column":16},"end":{"line":187,"column":null}},"type":"if","locations":[{"start":{"line":185,"column":16},"end":{"line":187,"column":null}},{"start":{},"end":{}}],"line":185},"17":{"loc":{"start":{"line":185,"column":20},"end":{"line":185,"column":80}},"type":"binary-expr","locations":[{"start":{"line":185,"column":20},"end":{"line":185,"column":47}},{"start":{"line":185,"column":47},"end":{"line":185,"column":80}}],"line":185},"18":{"loc":{"start":{"line":189,"column":16},"end":{"line":191,"column":null}},"type":"if","locations":[{"start":{"line":189,"column":16},"end":{"line":191,"column":null}},{"start":{},"end":{}}],"line":189},"19":{"loc":{"start":{"line":189,"column":20},"end":{"line":189,"column":84}},"type":"binary-expr","locations":[{"start":{"line":189,"column":20},"end":{"line":189,"column":49}},{"start":{"line":189,"column":49},"end":{"line":189,"column":84}}],"line":189},"20":{"loc":{"start":{"line":193,"column":16},"end":{"line":195,"column":null}},"type":"if","locations":[{"start":{"line":193,"column":16},"end":{"line":195,"column":null}},{"start":{},"end":{}}],"line":193},"21":{"loc":{"start":{"line":193,"column":20},"end":{"line":193,"column":87}},"type":"binary-expr","locations":[{"start":{"line":193,"column":20},"end":{"line":193,"column":50}},{"start":{"line":193,"column":50},"end":{"line":193,"column":87}}],"line":193},"22":{"loc":{"start":{"line":197,"column":16},"end":{"line":199,"column":null}},"type":"if","locations":[{"start":{"line":197,"column":16},"end":{"line":199,"column":null}},{"start":{},"end":{}}],"line":197},"23":{"loc":{"start":{"line":197,"column":20},"end":{"line":197,"column":95}},"type":"binary-expr","locations":[{"start":{"line":197,"column":20},"end":{"line":197,"column":59}},{"start":{"line":197,"column":59},"end":{"line":197,"column":95}}],"line":197},"24":{"loc":{"start":{"line":201,"column":16},"end":{"line":203,"column":null}},"type":"if","locations":[{"start":{"line":201,"column":16},"end":{"line":203,"column":null}},{"start":{},"end":{}}],"line":201},"25":{"loc":{"start":{"line":205,"column":16},"end":{"line":207,"column":null}},"type":"if","locations":[{"start":{"line":205,"column":16},"end":{"line":207,"column":null}},{"start":{},"end":{}}],"line":205},"26":{"loc":{"start":{"line":209,"column":16},"end":{"line":218,"column":null}},"type":"if","locations":[{"start":{"line":209,"column":16},"end":{"line":218,"column":null}},{"start":{},"end":{}}],"line":209},"27":{"loc":{"start":{"line":217,"column":37},"end":{"line":217,"column":94}},"type":"binary-expr","locations":[{"start":{"line":217,"column":37},"end":{"line":217,"column":73}},{"start":{"line":217,"column":73},"end":{"line":217,"column":94}}],"line":217},"28":{"loc":{"start":{"line":220,"column":16},"end":{"line":222,"column":null}},"type":"if","locations":[{"start":{"line":220,"column":16},"end":{"line":222,"column":null}},{"start":{},"end":{}}],"line":220},"29":{"loc":{"start":{"line":220,"column":20},"end":{"line":220,"column":61}},"type":"binary-expr","locations":[{"start":{"line":220,"column":20},"end":{"line":220,"column":42}},{"start":{"line":220,"column":42},"end":{"line":220,"column":61}}],"line":220},"30":{"loc":{"start":{"line":229,"column":20},"end":{"line":229,"column":null}},"type":"if","locations":[{"start":{"line":229,"column":20},"end":{"line":229,"column":null}},{"start":{},"end":{}}],"line":229},"31":{"loc":{"start":{"line":229,"column":24},"end":{"line":229,"column":67}},"type":"binary-expr","locations":[{"start":{"line":229,"column":24},"end":{"line":229,"column":38}},{"start":{"line":229,"column":38},"end":{"line":229,"column":57}},{"start":{"line":229,"column":57},"end":{"line":229,"column":67}}],"line":229},"32":{"loc":{"start":{"line":230,"column":20},"end":{"line":230,"column":null}},"type":"if","locations":[{"start":{"line":230,"column":20},"end":{"line":230,"column":null}},{"start":{},"end":{}}],"line":230},"33":{"loc":{"start":{"line":230,"column":55},"end":{"line":230,"column":null}},"type":"cond-expr","locations":[{"start":{"line":230,"column":59},"end":{"line":230,"column":66}},{"start":{"line":230,"column":66},"end":{"line":230,"column":null}}],"line":230},"34":{"loc":{"start":{"line":231,"column":20},"end":{"line":231,"column":null}},"type":"if","locations":[{"start":{"line":231,"column":20},"end":{"line":231,"column":null}},{"start":{},"end":{}}],"line":231},"35":{"loc":{"start":{"line":232,"column":20},"end":{"line":238,"column":null}},"type":"if","locations":[{"start":{"line":232,"column":20},"end":{"line":238,"column":null}},{"start":{},"end":{}}],"line":232},"36":{"loc":{"start":{"line":234,"column":24},"end":{"line":236,"column":null}},"type":"if","locations":[{"start":{"line":234,"column":24},"end":{"line":236,"column":null}},{"start":{},"end":{}}],"line":234},"37":{"loc":{"start":{"line":234,"column":28},"end":{"line":234,"column":101}},"type":"binary-expr","locations":[{"start":{"line":234,"column":28},"end":{"line":234,"column":53}},{"start":{"line":234,"column":53},"end":{"line":234,"column":79}},{"start":{"line":234,"column":79},"end":{"line":234,"column":101}}],"line":234},"38
[...]
":{"start":{"line":203,"column":8},"end":{"line":206,"column":null}},"type":"if","locations":[{"start":{"line":203,"column":8},"end":{"line":206,"column":null}},{"start":{},"end":{}}],"line":203},"38":{"loc":{"start":{"line":203,"column":12},"end":{"line":203,"column":22}},"type":"binary-expr","locations":[{"start":{"line":203,"column":12},"end":{"line":203,"column":18}},{"start":{"line":203,"column":18},"end":{"line":203,"column":22}}],"line":203},"39":{"loc":{"start":{"line":204,"column":68},"end":{"line":204,"column":76}},"type":"binary-expr","locations":[{"start":{"line":204,"column":68},"end":{"line":204,"column":74}},{"start":{"line":204,"column":74},"end":{"line":204,"column":76}}],"line":204},"40":{"loc":{"start":{"line":226,"column":8},"end":{"line":229,"column":null}},"type":"if","locations":[{"start":{"line":226,"column":8},"end":{"line":229,"column":null}},{"start":{},"end":{}}],"line":226},"41":{"loc":{"start":{"line":254,"column":8},"end":{"line":257,"column":null}},"type":"if","locations":[{"start":{"line":254,"column":8},"end":{"line":257,"column":null}},{"start":{},"end":{}}],"line":254},"42":{"loc":{"start":{"line":254,"column":12},"end":{"line":254,"column":22}},"type":"binary-expr","locations":[{"start":{"line":254,"column":12},"end":{"line":254,"column":18}},{"start":{"line":254,"column":18},"end":{"line":254,"column":22}}],"line":254},"43":{"loc":{"start":{"line":255,"column":72},"end":{"line":255,"column":80}},"type":"binary-expr","locations":[{"start":{"line":255,"column":72},"end":{"line":255,"column":78}},{"start":{"line":255,"column":78},"end":{"line":255,"column":80}}],"line":255}},"s":{"0":1,"1":0,"2":0,"3":0,"4":0,"5":0,"6":0,"7":0,"8":0,"9":0,"10":0,"11":0,"12":0,"13":0,"14":0,"15":0,"16":0,"17":0,"18":0,"19":0,"20":0,"21":0,"22":0,"23":0,"24":1,"25":0,"26":0,"27":0,"28":0,"29":0,"30":0,"31":0,"32":0,"33":0,"34":0,"35":0,"36":1,"37":0,"38":0,"39":0,"40":0,"41":0,"42":0,"43":0,"44":0,"45":0,"46":0,"47":0,"48":1,"49":0,"50":0,"51":0,"52":0,"53":0,"54":0,"55":0,"56":0,"57":0,"58":0,"59":0,"60":0,"61":0,"62":0,"63":0,"64":0,"65":0,"66":0,"67":0,"68":0,"69":0,"70":0,"71":0,"72":0,"73":1,"74":0,"75":0,"76":0,"77":0,"78":0,"79":0,"80":0,"81":0,"82":0,"83":1,"84":0,"85":0,"86":0,"87":0,"88":0,"89":0,"90":0,"91":0,"92":1,"93":0,"94":0,"95":0,"96":0,"97":0,"98":0,"99":0,"100":0,"101":0},"f":{"0":0,"1":0,"2":0,"3":0,"4":0,"5":0,"6":0,"7":0,"8":0,"9":0,"10":0,"11":0,"12":0,"13":0,"14":0},"b":{"0":[0,0],"1":[0,0],"2":[0,0],"3":[0,0],"4":[0,0],"5":[0,0],"6":[0,0],"7":[0,0],"8":[0,0],"9":[0,0],"10":[0,0],"11":[0,0],"12":[0,0],"13":[0,0],"14":[0,0],"15":[0,0],"16":[0,0,0],"17":[0,0],"18":[0,0],"19":[0,0],"20":[0,0],"21":[0,0],"22":[0,0],"23":[0,0,0],"24":[0,0],"25":[0,0],"26":[0,0],"27":[0,0],"28":[0,0],"29":[0,0],"30":[0,0],"31":[0,0],"32":[0,0],"33":[0,0,0],"34":[0,0],"35":[0,0],"36":[0,0],"37":[0,0],"38":[0,0],"39":[0,0],"40":[0,0],"41":[0,0],"42":[0,0],"43":[0,0]},"meta":{"lastBranch":44,"lastFunction":15,"lastStatement":102,"seen":{"s:13:35:58:Infinity":0,"f:13:35:13:42":0,"s:14:4:57:Infinity":1,"s:15:43:19:Infinity":2,"b:21:8:24:Infinity:undefined:undefined:undefined:undefined":0,"s:21:8:24:Infinity":3,"s:22:12:22:Infinity":4,"s:23:12:23:Infinity":5,"b:25:8:25:Infinity:undefined:undefined:undefined:undefined":1,"s:25:8:25:Infinity":6,"b:25:12:25:26:25:26:25:50":2,"s:25:50:25:Infinity":7,"s:27:27:27:Infinity":8,"s:28:8:31:Infinity":9,"f:28:26:28:31":1,"b:29:12:29:Infinity:undefined:undefined:undefined:undefined":3,"s:29:12:29:Infinity":10,"s:29:46:29:Infinity":11,"b:30:12:30:Infinity:undefined:undefined:undefined:undefined":4,"s:30:12:30:Infinity":12,"s:30:54:30:Infinity":13,"b:32:8:32:Infinity:undefined:undefined:undefined:undefined":5,"s:32:8:32:Infinity":14,"s:32:35:32:Infinity":15,"s:34:55:37:Infinity":16,"b:39:8:42:Infinity:undefined:undefined:undefined:undefined":6,"s:39:8:42:Infinity":17,"s:40:12:40:Infinity":18,"s:41:12:41:Infinity":19,"s:44:8:53:Infinity":20,"b:44:16:44:29:44:29:44:33":7,"f:44:37:44:43":2,"s:44:43:53:10":21,"b:46:26:46:45:46:45:46:Infinity":8,"b:47:19:47:30:47:30:47:Infinity":9,"b:48:20:48:33:48:33:48:Infinity":10,"b:49:19:49:30:49:30:49:Infinity":11,"b:50:20:50:32:50:32:50:Infinity":12,"b:51:24:51:41:51:41:51:Infinity":13,"b:52:20:52:33:52:33:52:Infinity":14,"s:55:8:55:Infinity":22,"s:56:8:56:Infinity":23,"s:63:39:91:Infinity":24,"f:63:39:63:46":3,"s:64:4:90:Infinity":25,"s:65:32:70:Infinity":26,"b:72:8:72:Infinity:undefined:undefined:undefined:undefined":15,"s:72:8:72:Infinity":27,"b:72:12:72:21:72:21:72:30:72:30:72:49":16,"s:72:49:72:Infinity":28,"s:74:20:74:Infinity":29,"f:74:29:74:34":4,"s:74:34:74:55":30,"s:75:36:78:Infinity":31,"s:80:8:86:Infinity":32,"b:80:16:80:29:80:29:80:33":17,"f:80:37:80:43":5,"s:80:43:86:10":33,"b:82:26:82:45:82:45:82:Infinity":18,"b:83:19:83:30:83:30:83:Infinity":19,"b:84:20:84:33:84:33:84:Infinity":20,"b:85:20:85:33:85:33:85:Infinity":21,"s:88:8:88:Infinity":34,"s:89:8:89:Infinity":35,"s:96:39:125:Infinity":36,"f:96:39:96:46":6,"s:97:4:124:Infinity":37,"s:98:32:102:Infinity":38,"b:104:8:104:Infinity:undefined:undefined:undefined:undefined":22,"s:104:8:104:Infinity":39,"b:104:12:104:21:104:21:104:30:104:30:104:49":23,"s:104:49:104:Infinity":40,"s:107:20:107:Infinity":41,"f:107:29:107:34":7,"s:107:34:107:47":42,"s:108:36:111:Infinity":43,"s:113:8:120:Infinity":44,"b:113:16:113:29:113:29:113:33":24,"f:113:37:113:43":8,"s:113:43:120:10":45,"b:115:26:115:45:115:45:115:Infinity":25,"b:116:19:116:30:116:30:116:Infinity":26,"b:117:20:117:33:117:33:117:Infinity":27,"b:118:19:118:30:118:30:118:Infinity":28,"b:119:20:119:33:119:33:119:Infinity":29,"s:122:8:122:Infinity":46,"s:123:8:123:Infinity":47,"s:133:29:181:Infinity":48,"f:133:29:133:36":9,"s:134:4:180:Infinity":49,"b:135:8:135:Infinity:undefined:undefined:undefined:undefined":30,"s:135:8:135:Infinity":50,"s:135:46:135:Infinity":51,"s:138:36:141:Infinity":52,"b:143:8:143:Infinity:undefined:undefined:undefined:undefined":31,"s:143:8:143:Infinity":53,"b:143:12:143:26:143:26:143:48":32,"s:143:48:143:Infinity":54,"s:145:22:145:Infinity":55,"f:145:37:145:42":10,"s:145:42:145:61":56,"s:146:22:146:Infinity":57,"f:146:37:146:42":11,"s:146:42:146:68":58,"s:147:25:147:Infinity":59,"b:147:25:147:34:147:34:147:43:147:43:147:Infinity":33,"b:149:8:176:Infinity:163:15:176:Infinity":34,"s:149:8:176:Infinity":60,"s:151:30:156:Infinity":61,"b:158:12:161:Infinity:undefined:undefined:undefined:undefined":35,"s:158:12:161:Infinity":62,"s:159:16:159:Infinity":63,"s:160:16:160:Infinity":64,"s:162:12:162:Infinity":65,"s:165:30:169:Infinity":66,"b:171:12:174:Infinity:undefined:undefined:undefined:undefined":36,"s:171:12:174:Infinity":67,"s:172:16:172:Infinity":68,"s:173:16:173:Infinity":69,"s:175:12:175:Infinity":70,"s:178:8:178:Infinity":71,"s:179:8:179:Infinity":72,"s:186:27:212:Infinity":73,"f:186:27:186:34":12,"s:187:4:211:Infinity":74,"s:189:30:194:Infinity":75,"s:197:30:201:Infinity":76,"b:203:8:206:Infinity:undefined:undefined:undefined:undefined":37,"s:203:8:206:Infinity":77,"b:203:12:203:18:203:18:203:22":38,"s:204:12:204:Infinity":78,"b:204:68:204:74:204:74:204:76":39,"s:205:12:205:Infinity":79,"s:207:8:207:Infinity":80,"s:209:8:209:Infinity":81,"s:210:8:210:Infinity":82,"s:217:26:235:Infinity":83,"f:217:26:217:33":13,"s:218:4:234:Infinity":84,"s:219:26:224:Infinity":85,"b:226:8:229:Infinity:undefined:undefined:undefined:undefined":40,"s:226:8:229:Infinity":86,"s:227:12:227:Infinity":87,"s:228:12:228:Infinity":88,"s:230:8:230:Infinity":89,"s:232:8:232:Infinity":90,"s:233:8:233:Infinity":91,"s:240:31:263:Infinity":92,"f:240:31:240:38":14,"s:241:4:262:Infinity":93,"s:242:30:246:Infinity":94,"s:248:30:252:Infinity":95,"b:254:8:257:Infinity:undefined:undefined:undefined:undefined":41,"s:254:8:257:Infinity":96,"b:254:12:254:18:254:18:254:22":42,"s:255:12:255:Infinity":97,"b:255:72:255:78:255:78:255:80":43,"s:256:12:256:Infinity":98,"s:258:8:258:Infinity":99,"s:260:8:260:Infinity":100,"s:261:8:261:Infinity":101}}}
,"D:\\01_Projects\\cic-erp-contract\\utils\\formatters.ts": {"path":"D:\\01_Projects\\cic-erp-contract\\utils\\formatters.ts","statementMap":{"0":{"start":{"line":1,"column":30},"end":{"line":3,"column":null}},"1":{"start":{"line":2,"column":4},"end":{"line":2,"column":null}},"2":{"start":{"line":18,"column":4},"end":{"line":18,"column":null}},"3":{"start":{"line":18,"column":18},"end":{"line":18,"column":null}},"4":{"start":{"line":19,"column":4},"end":{"line":28,"column":null}},"5":{"start":{"line":20,"column":21},"end":{"line":20,"column":null}},"6":{"start":{"line":21,"column":8},"end":{"line":21,"column":null}},"7":{"start":{"line":21,"column":35},"end":{"line":21,"column":null}},"8":{"start":{"line":22,"column":20},"end":{"line":22,"column":null}},"9":{"start":{"line":23,"column":22},"end":{"line":23,"column":null}},"10":{"start":{"line":24,"column":21},"end":{"line":24,"column":null}},"11":{"start":{"line":25,"column":8},"end":{"line":25,"column":null}},"12":{"start":{"line":27,"column":8},"end":{"line":27,"column":null}},"13":{"start":{"line":37,"column":4},"end":{"line":37,"column":null}},"14":{"start":{"line":37,"column":18},"end":{"line":37,"column":null}},"15":{"start":{"line":38,"column":4},"end":{"line":46,"column":null}},"16":{"start":{"line":39,"column":21},"end":{"line":39,"column":null}},"17":{"start":{"line":40,"column":8},"end":{"line":40,"column":null}},"18":{"start":{"line":40,"column":35},"end":{"line":40,"column":null}},"19":{"start":{"line":41,"column":20},"end":{"line":41,"column":null}},"20":{"start":{"line":42,"column":22},"end":{"line":42,"column":null}},"21":{"start":{"line":43,"column":8},"end":{"line":43,"column":null}},"22":{"start":{"line":45,"column":8},"end":{"line":45,"column":null}},"23":{"start":{"line":55,"column":4},"end":{"line":55,"column":null}},"24":{"start":{"line":55,"column":18},"end":{"line":55,"column":null}},"25":{"start":{"line":56,"column":4},"end":{"line":67,"column":null}},"26":{"start":{"line":57,"column":21},"end":{"line":57,"column":null}},"27":{"start":{"line":58,"column":8},"end":{"line":58,"column":null}},"28":{"start":{"line":58,"column":35},"end":{"line":58,"column":null}},"29":{"start":{"line":59,"column":20},"end":{"line":59,"column":null}},"30":{"start":{"line":60,"column":22},"end":{"line":60,"column":null}},"31":{"start":{"line":61,"column":21},"end":{"line":61,"column":null}},"32":{"start":{"line":62,"column":22},"end":{"line":62,"column":null}},"33":{"start":{"line":63,"column":24},"end":{"line":63,"column":null}},"34":{"start":{"line":64,"column":8},"end":{"line":64,"column":null}},"35":{"start":{"line":66,"column":8},"end":{"line":66,"column":null}},"36":{"start":{"line":75,"column":4},"end":{"line":75,"column":null}},"37":{"start":{"line":75,"column":18},"end":{"line":75,"column":null}},"38":{"start":{"line":76,"column":4},"end":{"line":88,"column":null}},"39":{"start":{"line":77,"column":21},"end":{"line":77,"column":null}},"40":{"start":{"line":78,"column":8},"end":{"line":78,"column":null}},"41":{"start":{"line":78,"column":35},"end":{"line":78,"column":null}},"42":{"start":{"line":79,"column":24},"end":{"line":79,"column":null}},"43":{"start":{"line":80,"column":20},"end":{"line":80,"column":null}},"44":{"start":{"line":81,"column":22},"end":{"line":81,"column":null}},"45":{"start":{"line":82,"column":21},"end":{"line":82,"column":null}},"46":{"start":{"line":84,"column":35},"end":{"line":84,"column":null}},"47":{"start":{"line":85,"column":8},"end":{"line":85,"column":null}},"48":{"start":{"line":87,"column":8},"end":{"line":87,"column":null}},"49":{"start":{"line":95,"column":4},"end":{"line":95,"column":null}},"50":{"start":{"line":95,"column":18},"end":{"line":95,"column":null}},"51":{"start":{"line":96,"column":4},"end":{"line":105,"column":null}},"52":{"start":{"line":97,"column":21},"end":{"line":97,"column":null}},"53":{"start":{"line":98,"column":8},"end":{"line":98,"column":null}},"54":{"start":{"line":98,"column":35},"end":{"line":98,"column":null}},"55":{"start":{"line":99,"column":20},"end":{"line":99,"column":null}},"56":{"start":{"line":100,"column":22},"end":{"line":100,"column":null}},"57":{"start":{"line":101,"column":21},"end":{"line":101,"column":null}},"58":{"start":{"line":102,"column":8},"end":{"line":102,"column":null}},"59":{"start":{"line":104,"column":8},"end":{"line":104,"column":null}},"60":{"start":{"line":117,"column":4},"end":{"line":121,"column":null}},"61":{"start":{"line":129,"column":4},"end":{"line":133,"column":null}}},"fnMap":{"0":{"name":"(anonymous_0)","decl":{"start":{"line":1,"column":30},"end":{"line":1,"column":31}},"loc":{"start":{"line":1,"column":58},"end":{"line":3,"column":null}},"line":1},"1":{"name":"formatDate","decl":{"start":{"line":17,"column":16},"end":{"line":17,"column":27}},"loc":{"start":{"line":17,"column":84},"end":{"line":29,"column":null}},"line":17},"2":{"name":"formatDateShort","decl":{"start":{"line":36,"column":16},"end":{"line":36,"column":32}},"loc":{"start":{"line":36,"column":89},"end":{"line":47,"column":null}},"line":36},"3":{"name":"formatDateTime","decl":{"start":{"line":54,"column":16},"end":{"line":54,"column":31}},"loc":{"start":{"line":54,"column":88},"end":{"line":68,"column":null}},"line":54},"4":{"name":"formatDateFull","decl":{"start":{"line":74,"column":16},"end":{"line":74,"column":31}},"loc":{"start":{"line":74,"column":88},"end":{"line":89,"column":null}},"line":74},"5":{"name":"formatDateCompact","decl":{"start":{"line":94,"column":16},"end":{"line":94,"column":34}},"loc":{"start":{"line":94,"column":91},"end":{"line":106,"column":null}},"line":94},"6":{"name":"removeDiacritics","decl":{"start":{"line":116,"column":16},"end":{"line":116,"column":33}},"loc":{"start":{"line":116,"column":54},"end":{"line":122,"column":null}},"line":116},"7":{"name":"toSlug","decl":{"start":{"line":128,"column":16},"end":{"line":128,"column":23}},"loc":{"start":{"line":128,"column":44},"end":{"line":134,"column":null}},"line":128}},"branchMap":{"0":{"loc":{"start":{"line":17,"column":52},"end":{"line":17,"column":84}},"type":"default-arg","locations":[{"start":{"line":17,"column":71},"end":{"line":17,"column":84}}],"line":17},"1":{"loc":{"start":{"line":18,"column":4},"end":{"line":18,"column":null}},"type":"if","locations":[{"start":{"line":18,"column":4},"end":{"line":18,"column":null}},{"start":{},"end":{}}],"line":18},"2":{"loc":{"start":{"line":21,"column":8},"end":{"line":21,"column":null}},"type":"if","locations":[{"start":{"line":21,"column":8},"end":{"line":21,"column":null}},{"start":{},"end":{}}],"line":21},"3":{"loc":{"start":{"line":36,"column":57},"end":{"line":36,"column":89}},"type":"default-arg","locations":[{"start":{"line":36,"column":76},"end":{"line":36,"column":89}}],"line":36},"4":{"loc":{"start":{"line":37,"column":4},"end":{"line":37,"column":null}},"type":"if","locations":[{"start":{"line":37,"column":4},"end":{"line":37,"column":null}},{"start":{},"end":{}}],"line":37},"5":{"loc":{"start":{"line":40,"column":8},"end":{"line":40,"column":null}},"type":"if","locations":[{"start":{"line":40,"column":8},"end":{"line":40,"column":null}},{"start":{},"end":{}}],"line":40},"6":{"loc":{"start":{"line":54,"column":56},"end":{"line":54,"column":88}},"type":"default-arg","locations":[{"start":{"line":54,"column":75},"end":{"line":54,"column":88}}],"line":54},"7":{"loc":{"start":{"line":55,"column":4},"end":{"line":55,"column":null}},"type":"if","locations":[{"start":{"line":55,"column":4},"end":{"line":55,"column":null}},{"start":{},"end":{}}],"line":55},"8":{"loc":{"start":{"line":58,"column":8},"end":{"line":58,"column":null}},"type":"if","locations":[{"start":{"line":58,"column":8},"end":{"line":58,"column":null}},{"start":{},"end":{}}],"line":58},"9":{"loc":{"start":{"line":74,"column":56},"end":{"line":74,"column":88}},"type":"default-arg","locations":[{"start":{"line":74,"column":75},"end":{"line":74,"column":88}}],"line":74},"10":{"loc":{"start":{"line":75,"column":4},"end":{"line":75,"column":null}},"type":"if","locations":[{"start":{"line":75,"column":4},"end":{"line":75,"column":null}},{"start":{},"end":{}}],"line":75},"11":{"loc":{"start":{"line":78,"column":8},"end":{"line":78,"column":null}},"type":"if","locations":[{"start":{"line":78,"column":8},"end":{"line":78,"column":null}},{"start":{},"end":{}}],"line":78},"12":{"loc":{"start":{"line":94,"column":59},"end":{"line":94,"column":91}},"type":"default-arg","locations":[{"start":{"line":94,"column":78},"end":{"line":94,"column":91}}],"line":94},"13":{"loc":{"start":{"line":95,"column":4},"end":{"line":95,"column":null}},"type":"if","locations":[{"start":{"line":95,"column":4},"end":{"line":95,"column":null}},{"start":{},"end":{}}],"line":95},"14":{"loc":{"start":{"line":98,"column":8},"end":{"line":98,"column":null}},"type":"if","locations":[{"start":{"line":98,"column":8},"end":{"line":98,"column":null}},{"start":{},"end":{}}],"line":98}},"s":{"0":2,"1":1,"2":5,"3":2,"4":3,"5":3,"6":3,"7":1,"8":2,"9":2,"10":2,"11":2,"12":0,"13":5,"14":2,"15":3,"16":3,"17":3,"18":1,"19":2,"20":2,"21":2,"22":0,"23":3,"24":1,"25":2,"26":2,"27":2,"28":2,"29":1,"30":1,"31":1,"32":1,"33":1,"34":1,"35":0,"36":3,"37":1,"38":2,"39":2,"40":2,"41":2,"42":1,"43":1,"44":1,"45":1,"46":1,"47":1,"48":0,"49":4,"50":1,"51":3,"52":3,"53":3,"54":1,"55":2,"56":2,"57":2,"58":2,"59":0,"60":6,"61":3},"f":{"0":1,"1":5,"2":5,"3":3,"4":3,"5":4,"6":6,"7":3},"b":{"0":[5],"1":[2,3],"2":[1,2],"3":[5],"4":[2,3],"5":[1,2],"6":[3],"7":[1,2],"8":[1,1],"9":[3],"10":[1,2],"11":[1,1],"12":[4],"13":[1,3],"14":[1,2]},"meta":{"lastBranch":15,"lastFunction":8,"lastStatement":62,"seen":{"s:1:30:3:Infinity":0,"f:1:30:1:31":0,"s:2:4:2:Infinity":1,"f:17:16:17:27":1,"b:17:71:17:84":0,"b:18:4:18:Infinity:undefined:undefined:undefined:undefined":1,"s:18:4:18:Infinity":2,"s:18:18:18:Infinity":3,"s:19:4:28:Infinity":4,"s:20:21:20:Infinity":5,"b:21:8:21:Infinity:undefined:undefined:undefined:undefined":2,"s:21:8:21:Infinity":6,"s:21:35:21:Infinity":7,"s:22:20:22:Infinity":8,"s:23:22:23:Infinity":9,"s:24:21:24:Infinity":10,"s:25:8:25:Infinity":11,"s:27:8:27:Infinity":12,"f:36:16:36:32":2,"b:36:76:36:89":3,"b:37:4:37:Infinity:undefined:undefined:undefined:undefined":4,"s:37:4:37:Infinity":13,"s:37:18:37:Infinity":14,"s:38:4:46:Infinity":15,"s:39:21:39:Infinity":16,"b:40:8:40:Infinity:undefined:undefined:undefined:undefined":5,"s:40:8:40:Infinity":17,"s:40:35:40:Infinity":18,"s:41:20:41:Infinity":19,"s:42:22:42:Infinity":20,"s:43:8:43:Infinity":21,"s:45:8:45:Infinity":22,"f:54:16:54:31":3,"b:54:75:54:88":6,"b:55:4:55:Infinity:undefined:undefined:undefined:undefined":7,"s:55:4:55:Infinity":23,"s:55:18:55:Infinity":24,"s:56:4:67:Infinity":25,"s:57:21:57:Infinity":26,"b:58:8:58:Infinity:undefined:undefined:undefined:undefined":8,"s:58:8:58:Infinity":27,"s:58:35:58:Infinity":28,"s:59:20:59:Infinity":29,"s:60:22:60:Infinity":30,"s:61:21:61:Infinity":31,"s:62:22:62:Infinity":32,"s:63:24:63:Infinity":33,"s:64:8:64:Infinity":34,"s:66:8:66:Infinity":35,"f:74:16:74:31":4,"b:74:75:74:88":9,"b:75:4:75:Infinity:undefined:undefined:undefined:undefined":10,"s:75:4:75:Infinity":36,"s:75:18:75:Infinity":37,"s:76:4:88:Infinity":38,"s:77:21:77:Infinity":39,"b:78:8:78:Infinity:undefined:undefined:undefined:undefined":11,"s:78:8:78:Infinity":40,"s:78:35:78:Infinity":41,"s:79:24:79:Infinity":42,"s:80:20:80:Infinity":43,"s:81:22:81:Infinity":44,"s:82:21:82:Infinity":45,"s:84:35:84:Infinity":46,"s:85:8:85:Infinity":47,"s:87:8:87:Infinity":48,"f:94:16:94:34":5,"b:94:78:94:91":12,"b:95:4:95:Infinity:undefined:undefined:undefined:undefined":13,"s:95:4:95:Infinity":49,"s:95:18:95:Infinity":50,"s:96:4:105:Infinity":51,"s:97:21:97:Infinity":52,"b:98:8:98:Infinity:undefined:undefined:undefined:undefined":14,"s:98:8:98:Infinity":53,"s:98:35:98:Infinity":54,"s:99:20:99:Infinity":55,"s:100:22:100:Infinity":56,"s:101:21:101:Infinity":57,"s:102:8:102:Infinity":58,"s:104:8:104:Infinity":59,"f:116:16:116:33":6,"s:117:4:121:Infinity":60,"f:128:16:128:23":7,"s:129:4:133:Infinity":61}}}
}
